#
# There is insufficient memory for the Java Runtime Environment to continue.
# Native memory allocation (mmap) failed to map 65536 bytes for Failed to commit metaspace.
# Possible reasons:
#   The system is out of physical RAM or swap space
#   The process is running with CompressedOops enabled, and the Java Heap may be blocking the growth of the native heap
# Possible solutions:
#   Reduce memory load on the system
#   Increase physical memory or swap space
#   Check if swap backing store is full
#   Decrease Java heap size (-Xmx/-Xms)
#   Decrease number of Java threads
#   Decrease Java thread stack sizes (-Xss)
#   Set larger code cache with -XX:ReservedCodeCacheSize=
#   JVM is running with Unscaled Compressed Oops mode in which the Java heap is
#     placed in the first 4GB address space. The Java Heap base address is the
#     maximum limit for the native heap growth. Please use -XX:HeapBaseMinAddress
#     to set the Java Heap base and to place the Java Heap above 4GB virtual address.
# This output file may be truncated or incomplete.
#
#  Out of Memory Error (virtualSpaceNode.cpp:110), pid=2740, tid=2524
#
# JRE version: Java(TM) SE Runtime Environment (17.0.3.1+2) (build 17.0.3.1+2-LTS-6)
# Java VM: Java HotSpot(TM) 64-Bit Server VM (17.0.3.1+2-LTS-6, mixed mode, sharing, tiered, compressed oops, compressed class ptrs, g1 gc, windows-amd64)
# No core dump will be written. Minidumps are not enabled by default on client versions of Windows
#

---------------  S U M M A R Y ------------

Command Line: -Dfile.encoding=UTF-8 --module-path=C:\Users\ricar\OneDrive\Área de Trabalho\CURSO PROGRAMAÇÃO RECODE PRO\PROGRAMAS\mysql-connector-java-8.0.30.jar -XX:+ShowCodeDetailsInExceptionMessages crud.CrudCompra

Host: Intel(R) Pentium(R) CPU        P6200  @ 2.13GHz, 2 cores, 1G,  Windows 10 , 64 bit Build 19041 (10.0.19041.1889)
Time: Sat Sep  3 03:41:37 2022 Hora oficial do Brasil elapsed time: 9.143765 seconds (0d 0h 0m 9s)

---------------  T H R E A D  ---------------

Current thread (0x000001bb651fb220):  JavaThread "main" [_thread_in_vm, id=2524, stack(0x000000b536c00000,0x000000b536d00000)]

Stack: [0x000000b536c00000,0x000000b536d00000]
Native frames: (J=compiled Java code, j=interpreted, Vv=VM code, C=native code)
V  [jvm.dll+0x6711ba]
V  [jvm.dll+0x7d0834]
V  [jvm.dll+0x7d1fde]
V  [jvm.dll+0x7d2643]
V  [jvm.dll+0x242c85]
V  [jvm.dll+0x7cc7db]
V  [jvm.dll+0x616f96]
V  [jvm.dll+0x1be52e]
V  [jvm.dll+0x6198d1]
V  [jvm.dll+0x617936]
V  [jvm.dll+0x238616]
V  [jvm.dll+0x1e893d]
V  [jvm.dll+0x1de381]
V  [jvm.dll+0x537ee0]
V  [jvm.dll+0x74b5fd]
V  [jvm.dll+0x74b55a]
V  [jvm.dll+0x409644]
V  [jvm.dll+0x41cdbb]
C  [java.dll+0x1657]

Java frames: (J=compiled Java code, j=interpreted, Vv=VM code)
j  java.lang.ClassLoader.defineClass0(Ljava/lang/ClassLoader;Ljava/lang/Class;Ljava/lang/String;[BIILjava/security/ProtectionDomain;ZILjava/lang/Object;)Ljava/lang/Class;+0 java.base@17.0.3.1
j  java.lang.System$2.defineClass(Ljava/lang/ClassLoader;Ljava/lang/Class;Ljava/lang/String;[BLjava/security/ProtectionDomain;ZILjava/lang/Object;)Ljava/lang/Class;+17 java.base@17.0.3.1
j  java.lang.invoke.MethodHandles$Lookup$ClassDefiner.defineClass(ZLjava/lang/Object;)Ljava/lang/Class;+54 java.base@17.0.3.1
j  java.lang.invoke.InvokerBytecodeGenerator.loadMethod([B)Ljava/lang/invoke/MemberName;+16 java.base@17.0.3.1
j  java.lang.invoke.InvokerBytecodeGenerator.generateCustomizedCode(Ljava/lang/invoke/LambdaForm;Ljava/lang/invoke/MethodType;)Ljava/lang/invoke/MemberName;+30 java.base@17.0.3.1
j  java.lang.invoke.LambdaForm.compileToBytecode()V+69 java.base@17.0.3.1
J 431 c1 java.lang.invoke.LambdaForm.prepare()V java.base@17.0.3.1 (112 bytes) @ 0x000001bb6d09e3ec [0x000001bb6d09e240+0x00000000000001ac]
J 430 c1 java.lang.invoke.MethodHandle.<init>(Ljava/lang/invoke/MethodType;Ljava/lang/invoke/LambdaForm;)V java.base@17.0.3.1 (37 bytes) @ 0x000001bb6d09da5c [0x000001bb6d09d820+0x000000000000023c]
j  java.lang.invoke.BoundMethodHandle.<init>(Ljava/lang/invoke/MethodType;Ljava/lang/invoke/LambdaForm;)V+3 java.base@17.0.3.1
j  java.lang.invoke.BoundMethodHandle$Species_LLLLL.<init>(Ljava/lang/invoke/MethodType;Ljava/lang/invoke/LambdaForm;Ljava/lang/Object;Ljava/lang/Object;Ljava/lang/Object;Ljava/lang/Object;Ljava/lang/Object;)V+3 java.base@17.0.3.1
j  java.lang.invoke.BoundMethodHandle$Species_LLLLL.make(Ljava/lang/invoke/MethodType;Ljava/lang/invoke/LambdaForm;Ljava/lang/Object;Ljava/lang/Object;Ljava/lang/Object;Ljava/lang/Object;Ljava/lang/Object;)Ljava/lang/invoke/BoundMethodHandle;+14 java.base@17.0.3.1
j  java.lang.invoke.DirectMethodHandle$Holder.invokeStatic(Ljava/lang/Object;Ljava/lang/Object;Ljava/lang/Object;Ljava/lang/Object;Ljava/lang/Object;Ljava/lang/Object;Ljava/lang/Object;Ljava/lang/Object;)Ljava/lang/Object;+22 java.base@17.0.3.1
j  java.lang.invoke.BoundMethodHandle$Species_LLLL.copyWithExtendL(Ljava/lang/invoke/MethodType;Ljava/lang/invoke/LambdaForm;Ljava/lang/Object;)Ljava/lang/invoke/BoundMethodHandle;+26 java.base@17.0.3.1
j  java.lang.invoke.MethodHandles.filterArgument(Ljava/lang/invoke/MethodHandle;ILjava/lang/invoke/MethodHandle;)Ljava/lang/invoke/MethodHandle;+65 java.base@17.0.3.1
j  java.lang.invoke.MethodHandles.filterArguments(Ljava/lang/invoke/MethodHandle;I[Ljava/lang/invoke/MethodHandle;)Ljava/lang/invoke/MethodHandle;+178 java.base@17.0.3.1
j  java.lang.invoke.StringConcatFactory.generateMHInlineCopy(Ljava/lang/invoke/MethodType;Ljava/util/List;)Ljava/lang/invoke/MethodHandle;+614 java.base@17.0.3.1
j  java.lang.invoke.StringConcatFactory.makeConcatWithConstants(Ljava/lang/invoke/MethodHandles$Lookup;Ljava/lang/String;Ljava/lang/invoke/MethodType;Ljava/lang/String;[Ljava/lang/Object;)Ljava/lang/invoke/CallSite;+220 java.base@17.0.3.1
j  java.lang.invoke.DirectMethodHandle$Holder.invokeStatic(Ljava/lang/Object;Ljava/lang/Object;Ljava/lang/Object;Ljava/lang/Object;Ljava/lang/Object;Ljava/lang/Object;)Ljava/lang/Object;+18 java.base@17.0.3.1
j  java.lang.invoke.DelegatingMethodHandle$Holder.delegate(Ljava/lang/Object;Ljava/lang/Object;Ljava/lang/Object;Ljava/lang/Object;Ljava/lang/Object;Ljava/lang/Object;)Ljava/lang/Object;+21 java.base@17.0.3.1
j  java.lang.invoke.Invokers$Holder.invokeExact_MT(Ljava/lang/Object;Ljava/lang/Object;Ljava/lang/Object;Ljava/lang/Object;Ljava/lang/Object;Ljava/lang/Object;Ljava/lang/Object;)Ljava/lang/Object;+26 java.base@17.0.3.1
j  java.lang.invoke.BootstrapMethodInvoker.invoke(Ljava/lang/Class;Ljava/lang/invoke/MethodHandle;Ljava/lang/String;Ljava/lang/Object;Ljava/lang/Object;Ljava/lang/Class;)Ljava/lang/Object;+157 java.base@17.0.3.1
j  java.lang.invoke.CallSite.makeSite(Ljava/lang/invoke/MethodHandle;Ljava/lang/String;Ljava/lang/invoke/MethodType;Ljava/lang/Object;Ljava/lang/Class;)Ljava/lang/invoke/CallSite;+8 java.base@17.0.3.1
j  java.lang.invoke.MethodHandleNatives.linkCallSiteImpl(Ljava/lang/Class;Ljava/lang/invoke/MethodHandle;Ljava/lang/String;Ljava/lang/invoke/MethodType;Ljava/lang/Object;[Ljava/lang/Object;)Ljava/lang/invoke/MemberName;+6 java.base@17.0.3.1
j  java.lang.invoke.MethodHandleNatives.linkCallSite(Ljava/lang/Object;ILjava/lang/Object;Ljava/lang/Object;Ljava/lang/Object;Ljava/lang/Object;[Ljava/lang/Object;)Ljava/lang/invoke/MemberName;+46 java.base@17.0.3.1
v  ~StubRoutines::call_stub
j  java.sql.DriverManager.getConnection(Ljava/lang/String;Ljava/util/Properties;Ljava/lang/Class;)Ljava/sql/Connection;+49 java.sql@17.0.3.1
j  java.sql.DriverManager.getConnection(Ljava/lang/String;)Ljava/sql/Connection;+13 java.sql@17.0.3.1
j  connection.ConnectionMySQL.createConnetionMySQL()Ljava/sql/Connection;+8
j  dao.CompraDAO.getCompraById(I)Lmodelo/Compra;+48
j  crud.CrudCompra.main([Ljava/lang/String;)V+855
v  ~StubRoutines::call_stub

---------------  P R O C E S S  ---------------

Threads class SMR info:
_java_thread_list=0x000001bb7ebb6280, length=13, elements={
0x000001bb651fb220, 0x000001bb652bfb50, 0x000001bb652c4310, 0x000001bb652d6f10,
0x000001bb652d87e0, 0x000001bb652d9840, 0x000001bb652de540, 0x000001bb7eb6daa0,
0x000001bb7eb6eb40, 0x000001bb7eba5390, 0x000001bb7ec6e7b0, 0x000001bb7f8dfb20,
0x000001bb7f8954e0
}

Java Threads: ( => current thread )
=>0x000001bb651fb220 JavaThread "main" [_thread_in_vm, id=2524, stack(0x000000b536c00000,0x000000b536d00000)]
  0x000001bb652bfb50 JavaThread "Reference Handler" daemon [_thread_blocked, id=11056, stack(0x000000b537300000,0x000000b537400000)]
  0x000001bb652c4310 JavaThread "Finalizer" daemon [_thread_blocked, id=5196, stack(0x000000b537400000,0x000000b537500000)]
  0x000001bb652d6f10 JavaThread "Signal Dispatcher" daemon [_thread_blocked, id=10572, stack(0x000000b537500000,0x000000b537600000)]
  0x000001bb652d87e0 JavaThread "Attach Listener" daemon [_thread_blocked, id=9716, stack(0x000000b537600000,0x000000b537700000)]
  0x000001bb652d9840 JavaThread "Service Thread" daemon [_thread_blocked, id=7780, stack(0x000000b537700000,0x000000b537800000)]
  0x000001bb652de540 JavaThread "Monitor Deflation Thread" daemon [_thread_blocked, id=3968, stack(0x000000b537800000,0x000000b537900000)]
  0x000001bb7eb6daa0 JavaThread "C2 CompilerThread0" daemon [_thread_blocked, id=6852, stack(0x000000b537900000,0x000000b537a00000)]
  0x000001bb7eb6eb40 JavaThread "C1 CompilerThread0" daemon [_thread_blocked, id=6544, stack(0x000000b537a00000,0x000000b537b00000)]
  0x000001bb7eba5390 JavaThread "Sweeper thread" daemon [_thread_blocked, id=6416, stack(0x000000b537b00000,0x000000b537c00000)]
  0x000001bb7ec6e7b0 JavaThread "Common-Cleaner" daemon [_thread_blocked, id=1060, stack(0x000000b537c00000,0x000000b537d00000)]
  0x000001bb7f8dfb20 JavaThread "Notification Thread" daemon [_thread_blocked, id=7652, stack(0x000000b537d00000,0x000000b537e00000)]
  0x000001bb7f8954e0 JavaThread "mysql-cj-abandoned-connection-cleanup" daemon [_thread_blocked, id=6024, stack(0x000000b537f00000,0x000000b538000000)]

Other Threads:
  0x000001bb652bbff0 VMThread "VM Thread" [stack: 0x000000b537200000,0x000000b537300000] [id=4400]
  0x000001bb651fc1d0 WatcherThread [stack: 0x000000b537e00000,0x000000b537f00000] [id=5552]
  0x000001bb652268a0 GCTaskThread "GC Thread#0" [stack: 0x000000b536d00000,0x000000b536e00000] [id=11216]
  0x000001bb6522d2d0 ConcurrentGCThread "G1 Main Marker" [stack: 0x000000b536e00000,0x000000b536f00000] [id=7540]
  0x000001bb6522e4d0 ConcurrentGCThread "G1 Conc#0" [stack: 0x000000b536f00000,0x000000b537000000] [id=3268]
  0x000001bb6524d3e0 ConcurrentGCThread "G1 Refine#0" [stack: 0x000000b537000000,0x000000b537100000] [id=7672]
  0x000001bb6524e5f0 ConcurrentGCThread "G1 Service" [stack: 0x000000b537100000,0x000000b537200000] [id=5188]

Threads with active compile tasks:

VM state: not at safepoint (normal execution)

VM Mutex/Monitor currently owned by a thread:  ([mutex/lock_event])
[0x000001bb651f4710] Metaspace_lock - owner thread: 0x000001bb651fb220

Heap address: 0x00000000e2200000, size: 478 MB, Compressed Oops mode: 32-bit

CDS archive(s) mapped at: [0x0000000800000000-0x0000000800bc0000-0x0000000800bc0000), size 12320768, SharedBaseAddress: 0x0000000800000000, ArchiveRelocationMode: 0.
Compressed class space mapped at: 0x0000000800c00000-0x0000000840c00000, reserved size: 1073741824
Narrow klass base: 0x0000000800000000, Narrow klass shift: 0, Narrow klass range: 0x100000000

GC Precious Log:
 CPUs: 2 total, 2 available
 Memory: 1908M
 Large Page Support: Disabled
 NUMA Support: Disabled
 Compressed Oops: Enabled (32-bit)
 Heap Region Size: 1M
 Heap Min Capacity: 8M
 Heap Initial Capacity: 30M
 Heap Max Capacity: 478M
 Pre-touch: Disabled
 Parallel Workers: 2
 Concurrent Workers: 1
 Concurrent Refinement Workers: 2
 Periodic GC: Disabled

Heap:
 garbage-first heap   total 30720K, used 2048K [0x00000000e2200000, 0x0000000100000000)
  region size 1024K, 4 young (4096K), 0 survivors (0K)
 Metaspace       used 1045K, committed 1216K, reserved 1056768K
  class space    used 90K, committed 192K, reserved 1048576K

Heap Regions: E=young(eden), S=young(survivor), O=old, HS=humongous(starts), HC=humongous(continues), CS=collection set, F=free, OA=open archive, CA=closed archive, TAMS=top-at-mark-start (previous, next)
|   0|0x00000000e2200000, 0x00000000e2200000, 0x00000000e2300000|  0%| F|  |TAMS 0x00000000e2200000, 0x00000000e2200000| Untracked 
|   1|0x00000000e2300000, 0x00000000e2300000, 0x00000000e2400000|  0%| F|  |TAMS 0x00000000e2300000, 0x00000000e2300000| Untracked 
|   2|0x00000000e2400000, 0x00000000e2400000, 0x00000000e2500000|  0%| F|  |TAMS 0x00000000e2400000, 0x00000000e2400000| Untracked 
|   3|0x00000000e2500000, 0x00000000e2500000, 0x00000000e2600000|  0%| F|  |TAMS 0x00000000e2500000, 0x00000000e2500000| Untracked 
|   4|0x00000000e2600000, 0x00000000e2600000, 0x00000000e2700000|  0%| F|  |TAMS 0x00000000e2600000, 0x00000000e2600000| Untracked 
|   5|0x00000000e2700000, 0x00000000e2700000, 0x00000000e2800000|  0%| F|  |TAMS 0x00000000e2700000, 0x00000000e2700000| Untracked 
|   6|0x00000000e2800000, 0x00000000e2800000, 0x00000000e2900000|  0%| F|  |TAMS 0x00000000e2800000, 0x00000000e2800000| Untracked 
|   7|0x00000000e2900000, 0x00000000e2900000, 0x00000000e2a00000|  0%| F|  |TAMS 0x00000000e2900000, 0x00000000e2900000| Untracked 
|   8|0x00000000e2a00000, 0x00000000e2a00000, 0x00000000e2b00000|  0%| F|  |TAMS 0x00000000e2a00000, 0x00000000e2a00000| Untracked 
|   9|0x00000000e2b00000, 0x00000000e2b00000, 0x00000000e2c00000|  0%| F|  |TAMS 0x00000000e2b00000, 0x00000000e2b00000| Untracked 
|  10|0x00000000e2c00000, 0x00000000e2c00000, 0x00000000e2d00000|  0%| F|  |TAMS 0x00000000e2c00000, 0x00000000e2c00000| Untracked 
|  11|0x00000000e2d00000, 0x00000000e2d00000, 0x00000000e2e00000|  0%| F|  |TAMS 0x00000000e2d00000, 0x00000000e2d00000| Untracked 
|  12|0x00000000e2e00000, 0x00000000e2e00000, 0x00000000e2f00000|  0%| F|  |TAMS 0x00000000e2e00000, 0x00000000e2e00000| Untracked 
|  13|0x00000000e2f00000, 0x00000000e2f00000, 0x00000000e3000000|  0%| F|  |TAMS 0x00000000e2f00000, 0x00000000e2f00000| Untracked 
|  14|0x00000000e3000000, 0x00000000e3000000, 0x00000000e3100000|  0%| F|  |TAMS 0x00000000e3000000, 0x00000000e3000000| Untracked 
|  15|0x00000000e3100000, 0x00000000e3100000, 0x00000000e3200000|  0%| F|  |TAMS 0x00000000e3100000, 0x00000000e3100000| Untracked 
|  16|0x00000000e3200000, 0x00000000e3200000, 0x00000000e3300000|  0%| F|  |TAMS 0x00000000e3200000, 0x00000000e3200000| Untracked 
|  17|0x00000000e3300000, 0x00000000e3300000, 0x00000000e3400000|  0%| F|  |TAMS 0x00000000e3300000, 0x00000000e3300000| Untracked 
|  18|0x00000000e3400000, 0x00000000e3400000, 0x00000000e3500000|  0%| F|  |TAMS 0x00000000e3400000, 0x00000000e3400000| Untracked 
|  19|0x00000000e3500000, 0x00000000e3500000, 0x00000000e3600000|  0%| F|  |TAMS 0x00000000e3500000, 0x00000000e3500000| Untracked 
|  20|0x00000000e3600000, 0x00000000e3600000, 0x00000000e3700000|  0%| F|  |TAMS 0x00000000e3600000, 0x00000000e3600000| Untracked 
|  21|0x00000000e3700000, 0x00000000e3700000, 0x00000000e3800000|  0%| F|  |TAMS 0x00000000e3700000, 0x00000000e3700000| Untracked 
|  22|0x00000000e3800000, 0x00000000e3800000, 0x00000000e3900000|  0%| F|  |TAMS 0x00000000e3800000, 0x00000000e3800000| Untracked 
|  23|0x00000000e3900000, 0x00000000e3900000, 0x00000000e3a00000|  0%| F|  |TAMS 0x00000000e3900000, 0x00000000e3900000| Untracked 
|  24|0x00000000e3a00000, 0x00000000e3a00000, 0x00000000e3b00000|  0%| F|  |TAMS 0x00000000e3a00000, 0x00000000e3a00000| Untracked 
|  25|0x00000000e3b00000, 0x00000000e3b00000, 0x00000000e3c00000|  0%| F|  |TAMS 0x00000000e3b00000, 0x00000000e3b00000| Untracked 
|  26|0x00000000e3c00000, 0x00000000e3d00000, 0x00000000e3d00000|100%| E|  |TAMS 0x00000000e3c00000, 0x00000000e3c00000| Complete 
|  27|0x00000000e3d00000, 0x00000000e3e00000, 0x00000000e3e00000|100%| E|CS|TAMS 0x00000000e3d00000, 0x00000000e3d00000| Complete 
|  28|0x00000000e3e00000, 0x00000000e3f00000, 0x00000000e3f00000|100%| E|CS|TAMS 0x00000000e3e00000, 0x00000000e3e00000| Complete 
|  29|0x00000000e3f00000, 0x00000000e4000000, 0x00000000e4000000|100%| E|  |TAMS 0x00000000e3f00000, 0x00000000e3f00000| Complete 

Card table byte_map: [0x000001bb64ed0000,0x000001bb64fc0000] _byte_map_base: 0x000001bb647bf000

Marking Bits (Prev, Next): (CMBitMap*) 0x000001bb65228de0, (CMBitMap*) 0x000001bb65228e20
 Prev Bits: [0x000001bb7ba80000, 0x000001bb7c1f8000)
 Next Bits: [0x000001bb7c200000, 0x000001bb7c978000)

Polling page: 0x000001bb63090000

Metaspace:

Usage:
  Non-class:    954.11 KB used.
      Class:     90.98 KB used.
       Both:      1.02 MB used.

Virtual space:
  Non-class space:        8.00 MB reserved,       1.00 MB ( 12%) committed,  1 nodes.
      Class space:        1.00 GB reserved,     192.00 KB ( <1%) committed,  1 nodes.
             Both:        1.01 GB reserved,       1.19 MB ( <1%) committed. 

Chunk freelists:
   Non-Class:  3.81 MB
       Class:  3.71 MB
        Both:  7.52 MB

MaxMetaspaceSize: unlimited
CompressedClassSpaceSize: 1.00 GB
Initial GC threshold: 21.00 MB
Current GC threshold: 21.00 MB
CDS: on
MetaspaceReclaimPolicy: balanced
 - commit_granule_bytes: 65536.
 - commit_granule_words: 8192.
 - virtual_space_node_default_size: 1048576.
 - enlarge_chunks_in_place: 1.
 - new_chunks_are_fully_committed: 0.
 - uncommit_free_chunks: 1.
 - use_allocation_guard: 0.
 - handle_deallocations: 1.


Internal statistics:

num_allocs_failed_limit: 0.
num_arena_births: 34.
num_arena_deaths: 0.
num_vsnodes_births: 2.
num_vsnodes_deaths: 0.
num_space_committed: 19.
num_space_uncommitted: 0.
num_chunks_returned_to_freelist: 0.
num_chunks_taken_from_freelist: 50.
num_chunk_merges: 0.
num_chunk_splits: 33.
num_chunks_enlarged: 20.
num_purges: 0.
num_inconsistent_stats: 0.

CodeHeap 'non-profiled nmethods': size=120064Kb used=146Kb max_used=146Kb free=119917Kb
 bounds [0x000001bb74540000, 0x000001bb747b0000, 0x000001bb7ba80000]
CodeHeap 'profiled nmethods': size=120000Kb used=632Kb max_used=632Kb free=119367Kb
 bounds [0x000001bb6d010000, 0x000001bb6d280000, 0x000001bb74540000]
CodeHeap 'non-nmethods': size=5696Kb used=1116Kb max_used=1130Kb free=4579Kb
 bounds [0x000001bb6ca80000, 0x000001bb6ccf0000, 0x000001bb6d010000]
 total_blobs=875 nmethods=476 adapters=313
 compilation: enabled
              stopped_count=0, restarted_count=0
 full_count=0

Compilation events (20 events):
Event: 9.113 Thread 0x000001bb7eb6daa0  433       4       java.nio.DirectByteBuffer::ix (10 bytes)
Event: 9.113 Thread 0x000001bb7eb6eb40 nmethod 438 0x000001bb6d0a0710 code [0x000001bb6d0a08c0, 0x000001bb6d0a0af8]
Event: 9.113 Thread 0x000001bb7eb6daa0 nmethod 433 0x000001bb7455ed90 code [0x000001bb7455ef00, 0x000001bb7455ef78]
Event: 9.113 Thread 0x000001bb7eb6eb40  441       3       java.lang.invoke.LambdaForm$Name::initIndex (26 bytes)
Event: 9.114 Thread 0x000001bb7eb6eb40 nmethod 441 0x000001bb6d0a0b90 code [0x000001bb6d0a0d20, 0x000001bb6d0a0ed8]
Event: 9.115 Thread 0x000001bb7eb6eb40  443       3       java.util.Arrays::copyOf (40 bytes)
Event: 9.116 Thread 0x000001bb7eb6eb40 nmethod 443 0x000001bb6d0a0f90 code [0x000001bb6d0a1180, 0x000001bb6d0a1868]
Event: 9.117 Thread 0x000001bb7eb6daa0  445       4       java.lang.String::indexOf (7 bytes)
Event: 9.118 Thread 0x000001bb7eb6eb40  449       3       java.lang.invoke.MemberName::isResolved (13 bytes)
Event: 9.118 Thread 0x000001bb7eb6eb40 nmethod 449 0x000001bb6d0a1a90 code [0x000001bb6d0a1c20, 0x000001bb6d0a1d98]
Event: 9.119 Thread 0x000001bb7eb6eb40  451       3       java.lang.invoke.LambdaForm$BasicType::basicType (19 bytes)
Event: 9.119 Thread 0x000001bb7eb6eb40 nmethod 451 0x000001bb6d0a1e10 code [0x000001bb6d0a1fe0, 0x000001bb6d0a2238]
Event: 9.120 Thread 0x000001bb7eb6eb40  454   !   3       java.lang.invoke.MemberName$Factory::resolve (159 bytes)
Event: 9.121 Thread 0x000001bb7eb6daa0 nmethod 445 0x000001bb74560e90 code [0x000001bb74561020, 0x000001bb745611f8]
Event: 9.121 Thread 0x000001bb7eb6eb40 nmethod 454 0x000001bb6d0a2390 code [0x000001bb6d0a25c0, 0x000001bb6d0a2cc8]
Event: 9.122 Thread 0x000001bb7eb6eb40  459       3       jdk.internal.org.objectweb.asm.ByteVector::put12 (64 bytes)
Event: 9.122 Thread 0x000001bb7eb6eb40 nmethod 459 0x000001bb6d0a3010 code [0x000001bb6d0a31c0, 0x000001bb6d0a33e8]
Event: 9.123 Thread 0x000001bb7eb6eb40  461       3       java.lang.invoke.MemberName::getInvocationType (56 bytes)
Event: 9.124 Thread 0x000001bb7eb6eb40 nmethod 461 0x000001bb6d0a3590 code [0x000001bb6d0a37c0, 0x000001bb6d0a40e8]
Event: 9.124 Thread 0x000001bb7eb6eb40  463       3       jdk.internal.org.objectweb.asm.Frame::execute (2305 bytes)

GC Heap History (0 events):
No events

Deoptimization events (20 events):
Event: 7.591 Thread 0x000001bb651fb220 Uncommon trap: trap_request=0xffffffde fr.pc=0x000001bb7454eb7c relative=0x000000000000005c
Event: 7.591 Thread 0x000001bb651fb220 Uncommon trap: reason=class_check action=maybe_recompile pc=0x000001bb7454eb7c method=java.lang.Character.codePointAt(Ljava/lang/CharSequence;I)I @ 2 c2
Event: 7.591 Thread 0x000001bb651fb220 DEOPT PACKING pc=0x000001bb7454eb7c sp=0x000000b536cfef50
Event: 7.591 Thread 0x000001bb651fb220 DEOPT UNPACKING pc=0x000001bb6cad239d sp=0x000000b536cfeee8 mode 2
Event: 7.591 Thread 0x000001bb651fb220 Uncommon trap: trap_request=0xffffffde fr.pc=0x000001bb7454eb7c relative=0x000000000000005c
Event: 7.591 Thread 0x000001bb651fb220 Uncommon trap: reason=class_check action=maybe_recompile pc=0x000001bb7454eb7c method=java.lang.Character.codePointAt(Ljava/lang/CharSequence;I)I @ 2 c2
Event: 7.591 Thread 0x000001bb651fb220 DEOPT PACKING pc=0x000001bb7454eb7c sp=0x000000b536cfeed0
Event: 7.591 Thread 0x000001bb651fb220 DEOPT UNPACKING pc=0x000001bb6cad239d sp=0x000000b536cfee68 mode 2
Event: 7.591 Thread 0x000001bb651fb220 Uncommon trap: trap_request=0xffffffde fr.pc=0x000001bb7454eb7c relative=0x000000000000005c
Event: 7.591 Thread 0x000001bb651fb220 Uncommon trap: reason=class_check action=maybe_recompile pc=0x000001bb7454eb7c method=java.lang.Character.codePointAt(Ljava/lang/CharSequence;I)I @ 2 c2
Event: 7.591 Thread 0x000001bb651fb220 DEOPT PACKING pc=0x000001bb7454eb7c sp=0x000000b536cfeed0
Event: 7.591 Thread 0x000001bb651fb220 DEOPT UNPACKING pc=0x000001bb6cad239d sp=0x000000b536cfee68 mode 2
Event: 7.591 Thread 0x000001bb651fb220 Uncommon trap: trap_request=0xffffffde fr.pc=0x000001bb7454eb7c relative=0x000000000000005c
Event: 7.592 Thread 0x000001bb651fb220 Uncommon trap: reason=class_check action=maybe_recompile pc=0x000001bb7454eb7c method=java.lang.Character.codePointAt(Ljava/lang/CharSequence;I)I @ 2 c2
Event: 7.592 Thread 0x000001bb651fb220 DEOPT PACKING pc=0x000001bb7454eb7c sp=0x000000b536cfeed0
Event: 7.592 Thread 0x000001bb651fb220 DEOPT UNPACKING pc=0x000001bb6cad239d sp=0x000000b536cfee68 mode 2
Event: 9.069 Thread 0x000001bb651fb220 Uncommon trap: trap_request=0xffffff45 fr.pc=0x000001bb7455a7f8 relative=0x00000000000000d8
Event: 9.069 Thread 0x000001bb651fb220 Uncommon trap: reason=unstable_if action=reinterpret pc=0x000001bb7455a7f8 method=java.util.HashMap.hash(Ljava/lang/Object;)I @ 1 c2
Event: 9.069 Thread 0x000001bb651fb220 DEOPT PACKING pc=0x000001bb7455a7f8 sp=0x000000b536cfe4a0
Event: 9.069 Thread 0x000001bb651fb220 DEOPT UNPACKING pc=0x000001bb6cad239d sp=0x000000b536cfe3e0 mode 2

Classes unloaded (0 events):
No events

Classes redefined (0 events):
No events

Internal exceptions (6 events):
Event: 1.022 Thread 0x000001bb651fb220 Exception <a 'java/lang/NoSuchMethodError'{0x00000000e3d019b8}: 'void java.lang.invoke.DirectMethodHandle$Holder.invokeSpecial(java.lang.Object, java.lang.Object, java.lang.Object)'> (0x00000000e3d019b8) 
thrown [t:\workspace\open\src\hotspot\share\interpreter\linkResolver.cpp, line 766]
Event: 1.036 Thread 0x000001bb651fb220 Exception <a 'java/lang/NoSuchMethodError'{0x00000000e3d150b8}: 'void java.lang.invoke.DirectMethodHandle$Holder.invokeSpecial(java.lang.Object, java.lang.Object, java.lang.Object, java.lang.Object, java.lang.Object)'> (0x00000000e3d150b8) 
thrown [t:\workspace\open\src\hotspot\share\interpreter\linkResolver.cpp, line 766]
Event: 1.047 Thread 0x000001bb651fb220 Exception <a 'java/lang/NoSuchMethodError'{0x00000000e3d27ec0}: 'java.lang.Object java.lang.invoke.DirectMethodHandle$Holder.invokeInterface(java.lang.Object, java.lang.Object)'> (0x00000000e3d27ec0) 
thrown [t:\workspace\open\src\hotspot\share\interpreter\linkResolver.cpp, line 766]
Event: 1.047 Thread 0x000001bb651fb220 Exception <a 'java/lang/IncompatibleClassChangeError'{0x00000000e3d2b538}: Found class java.lang.Object, but interface was expected> (0x00000000e3d2b538) 
thrown [t:\workspace\open\src\hotspot\share\interpreter\linkResolver.cpp, line 833]
Event: 1.048 Thread 0x000001bb651fb220 Exception <a 'java/lang/NoSuchMethodError'{0x00000000e3d2e300}: 'void java.lang.invoke.DirectMethodHandle$Holder.invokeStatic(java.lang.Object, java.lang.Object, java.lang.Object, java.lang.Object)'> (0x00000000e3d2e300) 
thrown [t:\workspace\open\src\hotspot\share\interpreter\linkResolver.cpp, line 766]
Event: 9.069 Thread 0x000001bb651fb220 Implicit null exception at 0x000001bb7455a758 to 0x000001bb7455a7ee

VM Operations (12 events):
Event: 0.940 Executing VM operation: HandshakeAllThreads
Event: 0.940 Executing VM operation: HandshakeAllThreads done
Event: 1.043 Executing VM operation: HandshakeAllThreads
Event: 1.043 Executing VM operation: HandshakeAllThreads done
Event: 1.459 Executing VM operation: HandshakeAllThreads
Event: 1.459 Executing VM operation: HandshakeAllThreads done
Event: 1.459 Executing VM operation: Cleanup
Event: 1.459 Executing VM operation: Cleanup done
Event: 9.101 Executing VM operation: HandshakeAllThreads
Event: 9.101 Executing VM operation: HandshakeAllThreads done
Event: 9.101 Executing VM operation: Cleanup
Event: 9.101 Executing VM operation: Cleanup done

Events (20 events):
Event: 9.103 loading class java/util/concurrent/ThreadPoolExecutor$AbortPolicy done
Event: 9.104 loading class java/util/concurrent/LinkedBlockingQueue
Event: 9.104 loading class java/util/concurrent/BlockingQueue
Event: 9.104 loading class java/util/concurrent/BlockingQueue done
Event: 9.105 loading class java/util/AbstractQueue
Event: 9.105 loading class java/util/AbstractQueue done
Event: 9.105 loading class java/util/concurrent/LinkedBlockingQueue done
Event: 9.105 loading class java/util/concurrent/locks/AbstractQueuedSynchronizer$ConditionObject
Event: 9.106 loading class java/util/concurrent/locks/Condition
Event: 9.106 loading class java/util/concurrent/locks/Condition done
Event: 9.106 loading class java/util/concurrent/locks/AbstractQueuedSynchronizer$ConditionObject done
Event: 9.106 loading class java/util/concurrent/LinkedBlockingQueue$Node
Event: 9.106 loading class java/util/concurrent/LinkedBlockingQueue$Node done
Event: 9.106 loading class java/util/concurrent/ThreadPoolExecutor$Worker
Event: 9.107 loading class java/util/concurrent/ThreadPoolExecutor$Worker done
Event: 9.107 loading class java/lang/Thread$State
Event: 9.107 loading class java/lang/Thread$State done
Event: 9.107 Thread 0x000001bb7f8954e0 Thread added: 0x000001bb7f8954e0
Event: 9.109 loading class java/lang/SecurityException
Event: 9.109 loading class java/lang/SecurityException done


Dynamic libraries:
0x00007ff7e5600000 - 0x00007ff7e5610000 	C:\Program Files\Java\jdk-17.0.3.1\bin\javaw.exe
0x00007ffdb2610000 - 0x00007ffdb2808000 	C:\Windows\SYSTEM32\ntdll.dll
0x00007ffdb07b0000 - 0x00007ffdb086d000 	C:\Windows\System32\KERNEL32.DLL
0x00007ffdb0100000 - 0x00007ffdb03ce000 	C:\Windows\System32\KERNELBASE.dll
0x00007ffdafe70000 - 0x00007ffdaff70000 	C:\Windows\System32\ucrtbase.dll
0x00007ffd9efd0000 - 0x00007ffd9efe8000 	C:\Program Files\Java\jdk-17.0.3.1\bin\jli.dll
0x00007ffd9ef30000 - 0x00007ffd9ef4a000 	C:\Program Files\Java\jdk-17.0.3.1\bin\VCRUNTIME140.dll
0x00007ffdb17f0000 - 0x00007ffdb189e000 	C:\Windows\System32\ADVAPI32.dll
0x00007ffdb08a0000 - 0x00007ffdb093e000 	C:\Windows\System32\msvcrt.dll
0x00007ffdb1990000 - 0x00007ffdb1a2c000 	C:\Windows\System32\sechost.dll
0x00007ffdb1a60000 - 0x00007ffdb1b85000 	C:\Windows\System32\RPCRT4.dll
0x00007ffdb1290000 - 0x00007ffdb1430000 	C:\Windows\System32\USER32.dll
0x00007ffdb03d0000 - 0x00007ffdb03f2000 	C:\Windows\System32\win32u.dll
0x00007ffdb1a30000 - 0x00007ffdb1a5a000 	C:\Windows\System32\GDI32.dll
0x00007ffdb0560000 - 0x00007ffdb066b000 	C:\Windows\System32\gdi32full.dll
0x00007ffdaff70000 - 0x00007ffdb000d000 	C:\Windows\System32\msvcp_win.dll
0x00007ffda1560000 - 0x00007ffda17fa000 	C:\Windows\WinSxS\amd64_microsoft.windows.common-controls_6595b64144ccf1df_6.0.19041.1110_none_60b5254171f9507e\COMCTL32.dll
0x00007ffd9ff00000 - 0x00007ffd9ff0a000 	C:\Windows\SYSTEM32\VERSION.dll
0x00007ffdb0870000 - 0x00007ffdb08a0000 	C:\Windows\System32\IMM32.DLL
0x00007ffda8980000 - 0x00007ffda898c000 	C:\Program Files\Java\jdk-17.0.3.1\bin\vcruntime140_1.dll
0x00007ffd6c370000 - 0x00007ffd6c3fd000 	C:\Program Files\Java\jdk-17.0.3.1\bin\msvcp140.dll
0x00007ffd57960000 - 0x00007ffd58520000 	C:\Program Files\Java\jdk-17.0.3.1\bin\server\jvm.dll
0x00007ffdb18a0000 - 0x00007ffdb18a8000 	C:\Windows\System32\PSAPI.DLL
0x00007ffdaa900000 - 0x00007ffdaa909000 	C:\Windows\SYSTEM32\WSOCK32.dll
0x00007ffdb0940000 - 0x00007ffdb09ab000 	C:\Windows\System32\WS2_32.dll
0x00007ffd9b190000 - 0x00007ffd9b1b7000 	C:\Windows\SYSTEM32\WINMM.dll
0x00007ffdadc30000 - 0x00007ffdadc42000 	C:\Windows\SYSTEM32\kernel.appcore.dll
0x00007ffdaa6a0000 - 0x00007ffdaa6aa000 	C:\Program Files\Java\jdk-17.0.3.1\bin\jimage.dll
0x00007ffd9e5b0000 - 0x00007ffd9e794000 	C:\Windows\SYSTEM32\DBGHELP.DLL
0x00007ffd9e2e0000 - 0x00007ffd9e30c000 	C:\Windows\SYSTEM32\dbgcore.DLL
0x00007ffdafd30000 - 0x00007ffdafdb2000 	C:\Windows\System32\bcryptPrimitives.dll
0x00007ffdaa670000 - 0x00007ffdaa695000 	C:\Program Files\Java\jdk-17.0.3.1\bin\java.dll
0x00007ffd58890000 - 0x00007ffd58966000 	C:\Program Files\Java\jdk-17.0.3.1\bin\jsvml.dll
0x00007ffdb0b40000 - 0x00007ffdb1284000 	C:\Windows\System32\SHELL32.dll
0x00007ffdade30000 - 0x00007ffdae5c4000 	C:\Windows\SYSTEM32\windows.storage.dll
0x00007ffdb1b90000 - 0x00007ffdb1ee4000 	C:\Windows\System32\combase.dll
0x00007ffdaf790000 - 0x00007ffdaf7c0000 	C:\Windows\SYSTEM32\Wldp.dll
0x00007ffdb1ef0000 - 0x00007ffdb1f9d000 	C:\Windows\System32\SHCORE.dll
0x00007ffdb0ae0000 - 0x00007ffdb0b35000 	C:\Windows\System32\shlwapi.dll
0x00007ffdafc70000 - 0x00007ffdafc8f000 	C:\Windows\SYSTEM32\profapi.dll
0x00007ffdaa450000 - 0x00007ffdaa469000 	C:\Program Files\Java\jdk-17.0.3.1\bin\net.dll
0x00007ffda24f0000 - 0x00007ffda25fa000 	C:\Windows\SYSTEM32\WINHTTP.dll
0x00007ffdaf4f0000 - 0x00007ffdaf55a000 	C:\Windows\system32\mswsock.dll
0x00007ffdaa430000 - 0x00007ffdaa446000 	C:\Program Files\Java\jdk-17.0.3.1\bin\nio.dll
0x00007ffdaa410000 - 0x00007ffdaa428000 	C:\Program Files\Java\jdk-17.0.3.1\bin\zip.dll

dbghelp: loaded successfully - version: 4.0.5 - missing functions: none
symbol engine: initialized successfully - sym options: 0x614 - pdb path: .;C:\Program Files\Java\jdk-17.0.3.1\bin;C:\Windows\SYSTEM32;C:\Windows\WinSxS\amd64_microsoft.windows.common-controls_6595b64144ccf1df_6.0.19041.1110_none_60b5254171f9507e;C:\Program Files\Java\jdk-17.0.3.1\bin\server

VM Arguments:
jvm_args: -Dfile.encoding=UTF-8 --module-path=C:\Users\ricar\OneDrive\Área de Trabalho\CURSO PROGRAMAÇÃO RECODE PRO\PROGRAMAS\mysql-connector-java-8.0.30.jar -XX:+ShowCodeDetailsInExceptionMessages 
java_command: crud.CrudCompra
java_class_path (initial): C:\Users\ricar\eclipse-workspace\AGENCIA ALTO PADRÃO TURISMO\bin
Launcher Type: SUN_STANDARD

[Global flags]
     intx CICompilerCount                          = 2                                         {product} {ergonomic}
     uint ConcGCThreads                            = 1                                         {product} {ergonomic}
     uint G1ConcRefinementThreads                  = 2                                         {product} {ergonomic}
   size_t G1HeapRegionSize                         = 1048576                                   {product} {ergonomic}
    uintx GCDrainStackTargetSize                   = 64                                        {product} {ergonomic}
   size_t InitialHeapSize                          = 31457280                                  {product} {ergonomic}
   size_t MarkStackSize                            = 4194304                                   {product} {ergonomic}
   size_t MaxHeapSize                              = 501219328                                 {product} {ergonomic}
   size_t MaxNewSize                               = 299892736                                 {product} {ergonomic}
   size_t MinHeapDeltaBytes                        = 1048576                                   {product} {ergonomic}
   size_t MinHeapSize                              = 8388608                                   {product} {ergonomic}
    uintx NonNMethodCodeHeapSize                   = 5826188                                {pd product} {ergonomic}
    uintx NonProfiledCodeHeapSize                  = 122916026                              {pd product} {ergonomic}
    uintx ProfiledCodeHeapSize                     = 122916026                              {pd product} {ergonomic}
    uintx ReservedCodeCacheSize                    = 251658240                              {pd product} {ergonomic}
     bool SegmentedCodeCache                       = true                                      {product} {ergonomic}
     bool ShowCodeDetailsInExceptionMessages       = true                                   {manageable} {command line}
   size_t SoftMaxHeapSize                          = 501219328                              {manageable} {ergonomic}
     bool UseCompressedClassPointers               = true                           {product lp64_product} {ergonomic}
     bool UseCompressedOops                        = true                           {product lp64_product} {ergonomic}
     bool UseG1GC                                  = true                                      {product} {ergonomic}
     bool UseLargePagesIndividualAllocation        = false                                  {pd product} {ergonomic}

Logging:
Log output configuration:
 #0: stdout all=warning uptime,level,tags
 #1: stderr all=off uptime,level,tags

Environment Variables:
PATH=C:/Program Files/Java/jdk-17.0.3.1/bin/server;C:/Program Files/Java/jdk-17.0.3.1/bin;C:\Program Files\Common Files\Oracle\Java\javapath;C:\Program Files (x86)\Common Files\Oracle\Java\javapath;C:\Windows\system32;C:\Windows;C:\Windows\System32\Wbem;C:\Windows\System32\WindowsPowerShell\v1.0\;C:\Windows\System32\OpenSSH\;C:\Program Files\Git\cmd;C:\Program Files\MySQL\MySQL Shell 8.0\bin\;C:\Users\ricar\AppData\Local\Microsoft\WindowsApps;C:\Users\ricar\AppData\Local\Programs\Microsoft VS Code\bin;C:\Windows\system32;
USERNAME=ricar
OS=Windows_NT
PROCESSOR_IDENTIFIER=Intel64 Family 6 Model 37 Stepping 5, GenuineIntel



---------------  S Y S T E M  ---------------

OS:
 Windows 10 , 64 bit Build 19041 (10.0.19041.1889)
OS uptime: 0 days 13:03 hours

CPU: total 2 (initial active 2) (2 cores per cpu, 1 threads per core) family 6 model 37 stepping 5 microcode 0x7, cx8, cmov, fxsr, mmx, sse, sse2, sse3, ssse3, popcnt, tsc, tscinvbit, clflush

Memory: 4k page, system-wide physical 1908M (371M free)
TotalPageFile size 7796M (AvailPageFile size 2M)
current process WorkingSet (physical memory assigned to process): 33M, peak: 34M
current process commit charge ("private bytes"): 97M, peak: 97M

vm_info: Java HotSpot(TM) 64-Bit Server VM (17.0.3.1+2-LTS-6) for windows-amd64 JRE (17.0.3.1+2-LTS-6), built on Apr 25 2022 22:04:21 by "mach5one" with MS VC++ 16.8 / 16.9 (VS2019)

END.
