#
# There is insufficient memory for the Java Runtime Environment to continue.
# Native memory allocation (malloc) failed to allocate 227536 bytes for Chunk::new
# Possible reasons:
#   The system is out of physical RAM or swap space
#   The process is running with CompressedOops enabled, and the Java Heap may be blocking the growth of the native heap
# Possible solutions:
#   Reduce memory load on the system
#   Increase physical memory or swap space
#   Check if swap backing store is full
#   Decrease Java heap size (-Xmx/-Xms)
#   Decrease number of Java threads
#   Decrease Java thread stack sizes (-Xss)
#   Set larger code cache with -XX:ReservedCodeCacheSize=
#   JVM is running with Unscaled Compressed Oops mode in which the Java heap is
#     placed in the first 4GB address space. The Java Heap base address is the
#     maximum limit for the native heap growth. Please use -XX:HeapBaseMinAddress
#     to set the Java Heap base and to place the Java Heap above 4GB virtual address.
# This output file may be truncated or incomplete.
#
#  Out of Memory Error (arena.cpp:189), pid=4480, tid=2292
#
# JRE version: Java(TM) SE Runtime Environment (17.0.3.1+2) (build 17.0.3.1+2-LTS-6)
# Java VM: Java HotSpot(TM) 64-Bit Server VM (17.0.3.1+2-LTS-6, mixed mode, sharing, tiered, compressed oops, compressed class ptrs, g1 gc, windows-amd64)
# No core dump will be written. Minidumps are not enabled by default on client versions of Windows
#

---------------  S U M M A R Y ------------

Command Line: -Dfile.encoding=UTF-8 --module-path=C:\Users\ricar\OneDrive\Área de Trabalho\CURSO PROGRAMAÇÃO RECODE PRO\PROGRAMAS\mysql-connector-java-8.0.30.jar -XX:+ShowCodeDetailsInExceptionMessages crud.CrudCompra

Host: Intel(R) Pentium(R) CPU        P6200  @ 2.13GHz, 2 cores, 1G,  Windows 10 , 64 bit Build 19041 (10.0.19041.1889)
Time: Sat Sep  3 03:03:45 2022 Hora oficial do Brasil elapsed time: 6.674452 seconds (0d 0h 0m 6s)

---------------  T H R E A D  ---------------

Current thread (0x00000168259a07e0):  JavaThread "C2 CompilerThread0" daemon [_thread_in_native, id=2292, stack(0x000000503b100000,0x000000503b200000)]


Current CompileTask:
C2:   6674  858   !   4       java.util.concurrent.ConcurrentHashMap::putVal (432 bytes)

Stack: [0x000000503b100000,0x000000503b200000]
Native frames: (J=compiled Java code, j=interpreted, Vv=VM code, C=native code)
V  [jvm.dll+0x6711ba]
V  [jvm.dll+0x7d0834]
V  [jvm.dll+0x7d1fde]
V  [jvm.dll+0x7d2643]
V  [jvm.dll+0x242c85]
V  [jvm.dll+0xaa57b]
V  [jvm.dll+0xaab0c]
V  [jvm.dll+0x35ff22]
V  [jvm.dll+0x32a581]
V  [jvm.dll+0x329a2a]
V  [jvm.dll+0x215d61]
V  [jvm.dll+0x215181]
V  [jvm.dll+0x1a1c3d]
V  [jvm.dll+0x2249c8]
V  [jvm.dll+0x222b2c]
V  [jvm.dll+0x78650b]
V  [jvm.dll+0x780aca]
V  [jvm.dll+0x670045]
C  [ucrtbase.dll+0x21bb2]
C  [KERNEL32.DLL+0x17034]
C  [ntdll.dll+0x52651]


---------------  P R O C E S S  ---------------

Threads class SMR info:
_java_thread_list=0x000001682644ffb0, length=13, elements={
0x000001680bf1b3d0, 0x000001680bfe2d90, 0x000001680bfe5750, 0x000001680bff9080,
0x000001680bff9940, 0x000001680bffaa90, 0x000001680bffbbe0, 0x00000168259a07e0,
0x00000168259c14a0, 0x0000016825a315e0, 0x000001680bfce270, 0x0000016826533750,
0x00000168264c55c0
}

Java Threads: ( => current thread )
  0x000001680bf1b3d0 JavaThread "main" [_thread_in_vm, id=6656, stack(0x000000503a400000,0x000000503a500000)]
  0x000001680bfe2d90 JavaThread "Reference Handler" daemon [_thread_blocked, id=5820, stack(0x000000503ab00000,0x000000503ac00000)]
  0x000001680bfe5750 JavaThread "Finalizer" daemon [_thread_blocked, id=5648, stack(0x000000503ac00000,0x000000503ad00000)]
  0x000001680bff9080 JavaThread "Signal Dispatcher" daemon [_thread_blocked, id=6460, stack(0x000000503ad00000,0x000000503ae00000)]
  0x000001680bff9940 JavaThread "Attach Listener" daemon [_thread_blocked, id=4432, stack(0x000000503ae00000,0x000000503af00000)]
  0x000001680bffaa90 JavaThread "Service Thread" daemon [_thread_blocked, id=10936, stack(0x000000503af00000,0x000000503b000000)]
  0x000001680bffbbe0 JavaThread "Monitor Deflation Thread" daemon [_thread_blocked, id=10396, stack(0x000000503b000000,0x000000503b100000)]
=>0x00000168259a07e0 JavaThread "C2 CompilerThread0" daemon [_thread_in_native, id=2292, stack(0x000000503b100000,0x000000503b200000)]
  0x00000168259c14a0 JavaThread "C1 CompilerThread0" daemon [_thread_blocked, id=10380, stack(0x000000503b200000,0x000000503b300000)]
  0x0000016825a315e0 JavaThread "Sweeper thread" daemon [_thread_blocked, id=9132, stack(0x000000503b300000,0x000000503b400000)]
  0x000001680bfce270 JavaThread "Common-Cleaner" daemon [_thread_blocked, id=8620, stack(0x000000503b400000,0x000000503b500000)]
  0x0000016826533750 JavaThread "Notification Thread" daemon [_thread_blocked, id=10572, stack(0x000000503b500000,0x000000503b600000)]
  0x00000168264c55c0 JavaThread "mysql-cj-abandoned-connection-cleanup" daemon [_thread_blocked, id=6492, stack(0x000000503b700000,0x000000503b800000)]

Other Threads:
  0x000001680bfdad10 VMThread "VM Thread" [stack: 0x000000503aa00000,0x000000503ab00000] [id=6168]
  0x00000168264daae0 WatcherThread [stack: 0x000000503b600000,0x000000503b700000] [id=8892]
  0x000001680bf46e50 GCTaskThread "GC Thread#0" [stack: 0x000000503a500000,0x000000503a600000] [id=8716]
  0x000001682599e860 GCTaskThread "GC Thread#1" [stack: 0x000000503b800000,0x000000503b900000] [id=4200]
  0x000001680bf4b950 ConcurrentGCThread "G1 Main Marker" [stack: 0x000000503a600000,0x000000503a700000] [id=2844]
  0x000001680bf4cc40 ConcurrentGCThread "G1 Conc#0" [stack: 0x000000503a700000,0x000000503a800000] [id=9772]
  0x000001680bf6c610 ConcurrentGCThread "G1 Refine#0" [stack: 0x000000503a800000,0x000000503a900000] [id=10264]
  0x000001680bf6d910 ConcurrentGCThread "G1 Service" [stack: 0x000000503a900000,0x000000503aa00000] [id=8464]

Threads with active compile tasks:
C2 CompilerThread0     6749  858   !   4       java.util.concurrent.ConcurrentHashMap::putVal (432 bytes)

VM state: not at safepoint (normal execution)

VM Mutex/Monitor currently owned by a thread: None

Heap address: 0x00000000e2200000, size: 478 MB, Compressed Oops mode: 32-bit

CDS archive(s) mapped at: [0x0000000800000000-0x0000000800bc0000-0x0000000800bc0000), size 12320768, SharedBaseAddress: 0x0000000800000000, ArchiveRelocationMode: 0.
Compressed class space mapped at: 0x0000000800c00000-0x0000000840c00000, reserved size: 1073741824
Narrow klass base: 0x0000000800000000, Narrow klass shift: 0, Narrow klass range: 0x100000000

GC Precious Log:
 CPUs: 2 total, 2 available
 Memory: 1908M
 Large Page Support: Disabled
 NUMA Support: Disabled
 Compressed Oops: Enabled (32-bit)
 Heap Region Size: 1M
 Heap Min Capacity: 8M
 Heap Initial Capacity: 30M
 Heap Max Capacity: 478M
 Pre-touch: Disabled
 Parallel Workers: 2
 Concurrent Workers: 1
 Concurrent Refinement Workers: 2
 Periodic GC: Disabled

Heap:
 garbage-first heap   total 30720K, used 4481K [0x00000000e2200000, 0x0000000100000000)
  region size 1024K, 4 young (4096K), 1 survivors (1024K)
 Metaspace       used 5455K, committed 5632K, reserved 1056768K
  class space    used 562K, committed 640K, reserved 1048576K

Heap Regions: E=young(eden), S=young(survivor), O=old, HS=humongous(starts), HC=humongous(continues), CS=collection set, F=free, OA=open archive, CA=closed archive, TAMS=top-at-mark-start (previous, next)
|   0|0x00000000e2200000, 0x00000000e2300000, 0x00000000e2300000|100%| O|  |TAMS 0x00000000e2200000, 0x00000000e2200000| Untracked 
|   1|0x00000000e2300000, 0x00000000e23b3e00, 0x00000000e2400000| 70%| O|  |TAMS 0x00000000e2300000, 0x00000000e2300000| Untracked 
|   2|0x00000000e2400000, 0x00000000e2400000, 0x00000000e2500000|  0%| F|  |TAMS 0x00000000e2400000, 0x00000000e2400000| Untracked 
|   3|0x00000000e2500000, 0x00000000e2500000, 0x00000000e2600000|  0%| F|  |TAMS 0x00000000e2500000, 0x00000000e2500000| Untracked 
|   4|0x00000000e2600000, 0x00000000e2600000, 0x00000000e2700000|  0%| F|  |TAMS 0x00000000e2600000, 0x00000000e2600000| Untracked 
|   5|0x00000000e2700000, 0x00000000e2700000, 0x00000000e2800000|  0%| F|  |TAMS 0x00000000e2700000, 0x00000000e2700000| Untracked 
|   6|0x00000000e2800000, 0x00000000e2800000, 0x00000000e2900000|  0%| F|  |TAMS 0x00000000e2800000, 0x00000000e2800000| Untracked 
|   7|0x00000000e2900000, 0x00000000e2900000, 0x00000000e2a00000|  0%| F|  |TAMS 0x00000000e2900000, 0x00000000e2900000| Untracked 
|   8|0x00000000e2a00000, 0x00000000e2a00000, 0x00000000e2b00000|  0%| F|  |TAMS 0x00000000e2a00000, 0x00000000e2a00000| Untracked 
|   9|0x00000000e2b00000, 0x00000000e2b00000, 0x00000000e2c00000|  0%| F|  |TAMS 0x00000000e2b00000, 0x00000000e2b00000| Untracked 
|  10|0x00000000e2c00000, 0x00000000e2c00000, 0x00000000e2d00000|  0%| F|  |TAMS 0x00000000e2c00000, 0x00000000e2c00000| Untracked 
|  11|0x00000000e2d00000, 0x00000000e2d00000, 0x00000000e2e00000|  0%| F|  |TAMS 0x00000000e2d00000, 0x00000000e2d00000| Untracked 
|  12|0x00000000e2e00000, 0x00000000e2e00000, 0x00000000e2f00000|  0%| F|  |TAMS 0x00000000e2e00000, 0x00000000e2e00000| Untracked 
|  13|0x00000000e2f00000, 0x00000000e2f00000, 0x00000000e3000000|  0%| F|  |TAMS 0x00000000e2f00000, 0x00000000e2f00000| Untracked 
|  14|0x00000000e3000000, 0x00000000e3000000, 0x00000000e3100000|  0%| F|  |TAMS 0x00000000e3000000, 0x00000000e3000000| Untracked 
|  15|0x00000000e3100000, 0x00000000e3100000, 0x00000000e3200000|  0%| F|  |TAMS 0x00000000e3100000, 0x00000000e3100000| Untracked 
|  16|0x00000000e3200000, 0x00000000e3200000, 0x00000000e3300000|  0%| F|  |TAMS 0x00000000e3200000, 0x00000000e3200000| Untracked 
|  17|0x00000000e3300000, 0x00000000e3300000, 0x00000000e3400000|  0%| F|  |TAMS 0x00000000e3300000, 0x00000000e3300000| Untracked 
|  18|0x00000000e3400000, 0x00000000e3400000, 0x00000000e3500000|  0%| F|  |TAMS 0x00000000e3400000, 0x00000000e3400000| Untracked 
|  19|0x00000000e3500000, 0x00000000e3500000, 0x00000000e3600000|  0%| F|  |TAMS 0x00000000e3500000, 0x00000000e3500000| Untracked 
|  20|0x00000000e3600000, 0x00000000e3600000, 0x00000000e3700000|  0%| F|  |TAMS 0x00000000e3600000, 0x00000000e3600000| Untracked 
|  21|0x00000000e3700000, 0x00000000e3700000, 0x00000000e3800000|  0%| F|  |TAMS 0x00000000e3700000, 0x00000000e3700000| Untracked 
|  22|0x00000000e3800000, 0x00000000e3800000, 0x00000000e3900000|  0%| F|  |TAMS 0x00000000e3800000, 0x00000000e3800000| Untracked 
|  23|0x00000000e3900000, 0x00000000e3900000, 0x00000000e3a00000|  0%| F|  |TAMS 0x00000000e3900000, 0x00000000e3900000| Untracked 
|  24|0x00000000e3a00000, 0x00000000e3aac6a8, 0x00000000e3b00000| 67%| S|CS|TAMS 0x00000000e3a00000, 0x00000000e3a00000| Complete 
|  25|0x00000000e3b00000, 0x00000000e3b00000, 0x00000000e3c00000|  0%| F|  |TAMS 0x00000000e3b00000, 0x00000000e3b00000| Untracked 
|  26|0x00000000e3c00000, 0x00000000e3c00000, 0x00000000e3d00000|  0%| F|  |TAMS 0x00000000e3c00000, 0x00000000e3c00000| Untracked 
|  27|0x00000000e3d00000, 0x00000000e3d32138, 0x00000000e3e00000| 19%| E|  |TAMS 0x00000000e3d00000, 0x00000000e3d00000| Complete 
|  28|0x00000000e3e00000, 0x00000000e3f00000, 0x00000000e3f00000|100%| E|CS|TAMS 0x00000000e3e00000, 0x00000000e3e00000| Complete 
|  29|0x00000000e3f00000, 0x00000000e4000000, 0x00000000e4000000|100%| E|CS|TAMS 0x00000000e3f00000, 0x00000000e3f00000| Complete 

Card table byte_map: [0x000001680bc30000,0x000001680bd20000] _byte_map_base: 0x000001680b51f000

Marking Bits (Prev, Next): (CMBitMap*) 0x000001680bf47460, (CMBitMap*) 0x000001680bf474a0
 Prev Bits: [0x00000168227a0000, 0x0000016822f18000)
 Next Bits: [0x0000016822f20000, 0x0000016823698000)

Polling page: 0x000001680b700000

Metaspace:

Usage:
  Non-class:      4.78 MB used.
      Class:    562.50 KB used.
       Both:      5.33 MB used.

Virtual space:
  Non-class space:        8.00 MB reserved,       4.88 MB ( 61%) committed,  1 nodes.
      Class space:        1.00 GB reserved,     640.00 KB ( <1%) committed,  1 nodes.
             Both:        1.01 GB reserved,       5.50 MB ( <1%) committed. 

Chunk freelists:
   Non-Class:  1.92 MB
       Class:  3.23 MB
        Both:  5.15 MB

MaxMetaspaceSize: unlimited
CompressedClassSpaceSize: 1.00 GB
Initial GC threshold: 21.00 MB
Current GC threshold: 21.00 MB
CDS: on
MetaspaceReclaimPolicy: balanced
 - commit_granule_bytes: 65536.
 - commit_granule_words: 8192.
 - virtual_space_node_default_size: 1048576.
 - enlarge_chunks_in_place: 1.
 - new_chunks_are_fully_committed: 0.
 - uncommit_free_chunks: 1.
 - use_allocation_guard: 0.
 - handle_deallocations: 1.


Internal statistics:

num_allocs_failed_limit: 0.
num_arena_births: 50.
num_arena_deaths: 0.
num_vsnodes_births: 2.
num_vsnodes_deaths: 0.
num_space_committed: 88.
num_space_uncommitted: 0.
num_chunks_returned_to_freelist: 0.
num_chunks_taken_from_freelist: 161.
num_chunk_merges: 0.
num_chunk_splits: 108.
num_chunks_enlarged: 78.
num_purges: 0.
num_inconsistent_stats: 0.

CodeHeap 'non-profiled nmethods': size=120064Kb used=297Kb max_used=297Kb free=119766Kb
 bounds [0x000001681b260000, 0x000001681b4d0000, 0x00000168227a0000]
CodeHeap 'profiled nmethods': size=120000Kb used=1418Kb max_used=1418Kb free=118581Kb
 bounds [0x0000016813d30000, 0x0000016813fa0000, 0x000001681b260000]
CodeHeap 'non-nmethods': size=5696Kb used=1182Kb max_used=1194Kb free=4513Kb
 bounds [0x00000168137a0000, 0x0000016813a10000, 0x0000016813d30000]
 total_blobs=1386 nmethods=900 adapters=400
 compilation: enabled
              stopped_count=0, restarted_count=0
 full_count=0

Compilation events (20 events):
Event: 6.649 Thread 0x00000168259c14a0 nmethod 855 0x0000016813e7fc10 code [0x0000016813e7fdc0, 0x0000016813e80028]
Event: 6.649 Thread 0x00000168259c14a0  856       3       java.util.HashMap$EntryIterator::<init> (11 bytes)
Event: 6.650 Thread 0x00000168259c14a0 nmethod 856 0x0000016813e80110 code [0x0000016813e802c0, 0x0000016813e80448]
Event: 6.650 Thread 0x00000168259c14a0  857       3       java.util.Collections::emptyIterator (4 bytes)
Event: 6.650 Thread 0x00000168259c14a0 nmethod 857 0x0000016813e80510 code [0x0000016813e806a0, 0x0000016813e80798]
Event: 6.651 Thread 0x00000168259a07e0  858   !   4       java.util.concurrent.ConcurrentHashMap::putVal (432 bytes)
Event: 6.651 Thread 0x00000168259c14a0  859       3       java.util.Arrays::copyOf (10 bytes)
Event: 6.651 Thread 0x00000168259c14a0 nmethod 859 0x0000016813e80810 code [0x0000016813e809c0, 0x0000016813e80b08]
Event: 6.651 Thread 0x00000168259c14a0  860       3       java.security.Provider::checkInitialized (16 bytes)
Event: 6.651 Thread 0x00000168259c14a0 nmethod 860 0x0000016813e80c10 code [0x0000016813e80dc0, 0x0000016813e80fe8]
Event: 6.652 Thread 0x00000168259c14a0  862       3       java.security.Provider$Service::<init> (200 bytes)
Event: 6.653 Thread 0x00000168259c14a0 nmethod 862 0x0000016813e81110 code [0x0000016813e81460, 0x0000016813e82ec8]
Event: 6.653 Thread 0x00000168259c14a0  863   !   3       java.security.Provider::putService (256 bytes)
Event: 6.655 Thread 0x00000168259c14a0 nmethod 863 0x0000016813e83590 code [0x0000016813e83920, 0x0000016813e85068]
Event: 6.657 Thread 0x00000168259c14a0  864       3       java.util.Collections$EmptyList::iterator (4 bytes)
Event: 6.657 Thread 0x00000168259c14a0 nmethod 864 0x0000016813e85890 code [0x0000016813e85a20, 0x0000016813e85b98]
Event: 6.657 Thread 0x00000168259c14a0  865       3       java.lang.String::valueOf (15 bytes)
Event: 6.658 Thread 0x00000168259c14a0 nmethod 865 0x0000016813e85c90 code [0x0000016813e85e40, 0x0000016813e86048]
Event: 6.665 Thread 0x00000168259c14a0  866       3       java.lang.ref.Reference::refersToImpl (6 bytes)
Event: 6.665 Thread 0x00000168259c14a0 nmethod 866 0x0000016813e86110 code [0x0000016813e862a0, 0x0000016813e863e8]

GC Heap History (4 events):
Event: 6.074 GC heap before
{Heap before GC invocations=0 (full 0):
 garbage-first heap   total 30720K, used 5120K [0x00000000e2200000, 0x0000000100000000)
  region size 1024K, 6 young (6144K), 0 survivors (0K)
 Metaspace       used 1929K, committed 2112K, reserved 1056768K
  class space    used 168K, committed 256K, reserved 1048576K
}
Event: 6.085 GC heap after
{Heap after GC invocations=1 (full 0):
 garbage-first heap   total 30720K, used 1742K [0x00000000e2200000, 0x0000000100000000)
  region size 1024K, 1 young (1024K), 1 survivors (1024K)
 Metaspace       used 1929K, committed 2112K, reserved 1056768K
  class space    used 168K, committed 256K, reserved 1048576K
}
Event: 6.431 GC heap before
{Heap before GC invocations=1 (full 0):
 garbage-first heap   total 30720K, used 5838K [0x00000000e2200000, 0x0000000100000000)
  region size 1024K, 6 young (6144K), 1 survivors (1024K)
 Metaspace       used 3936K, committed 4096K, reserved 1056768K
  class space    used 373K, committed 448K, reserved 1048576K
}
Event: 6.436 GC heap after
{Heap after GC invocations=2 (full 0):
 garbage-first heap   total 30720K, used 2433K [0x00000000e2200000, 0x0000000100000000)
  region size 1024K, 1 young (1024K), 1 survivors (1024K)
 Metaspace       used 3936K, committed 4096K, reserved 1056768K
  class space    used 373K, committed 448K, reserved 1048576K
}

Deoptimization events (20 events):
Event: 5.962 Thread 0x000001680bf1b3d0 DEOPT PACKING pc=0x0000016813dd95d6 sp=0x000000503a4fbd00
Event: 5.962 Thread 0x000001680bf1b3d0 DEOPT UNPACKING pc=0x00000168137f2b24 sp=0x000000503a4fb1a0 mode 0
Event: 5.964 Thread 0x000001680bf1b3d0 DEOPT PACKING pc=0x0000016813dd95d6 sp=0x000000503a4fbd00
Event: 5.964 Thread 0x000001680bf1b3d0 DEOPT UNPACKING pc=0x00000168137f2b24 sp=0x000000503a4fb1a0 mode 0
Event: 5.965 Thread 0x000001680bf1b3d0 DEOPT PACKING pc=0x0000016813dd95d6 sp=0x000000503a4fbd00
Event: 5.965 Thread 0x000001680bf1b3d0 DEOPT UNPACKING pc=0x00000168137f2b24 sp=0x000000503a4fb1a0 mode 0
Event: 5.965 Thread 0x000001680bf1b3d0 DEOPT PACKING pc=0x0000016813dd95d6 sp=0x000000503a4fbd00
Event: 5.965 Thread 0x000001680bf1b3d0 DEOPT UNPACKING pc=0x00000168137f2b24 sp=0x000000503a4fb1a0 mode 0
Event: 6.510 Thread 0x000001680bf1b3d0 DEOPT PACKING pc=0x0000016813de2e31 sp=0x000000503a4fde60
Event: 6.510 Thread 0x000001680bf1b3d0 DEOPT UNPACKING pc=0x00000168137f2b24 sp=0x000000503a4fd358 mode 0
Event: 6.510 Thread 0x000001680bf1b3d0 Uncommon trap: trap_request=0xffffff45 fr.pc=0x000001681b28bd88 relative=0x0000000000000808
Event: 6.510 Thread 0x000001680bf1b3d0 Uncommon trap: reason=unstable_if action=reinterpret pc=0x000001681b28bd88 method=java.util.Properties$LineReader.readLine()I @ 117 c2
Event: 6.510 Thread 0x000001680bf1b3d0 DEOPT PACKING pc=0x000001681b28bd88 sp=0x000000503a4fdeb0
Event: 6.510 Thread 0x000001680bf1b3d0 DEOPT UNPACKING pc=0x00000168137f239d sp=0x000000503a4fde60 mode 2
Event: 6.522 Thread 0x000001680bf1b3d0 DEOPT PACKING pc=0x0000016813d68227 sp=0x000000503a4fd9f0
Event: 6.522 Thread 0x000001680bf1b3d0 DEOPT UNPACKING pc=0x00000168137f2b24 sp=0x000000503a4fce50 mode 0
Event: 6.573 Thread 0x000001680bf1b3d0 Uncommon trap: trap_request=0xffffff45 fr.pc=0x000001681b2771b0 relative=0x0000000000000330
Event: 6.573 Thread 0x000001680bf1b3d0 Uncommon trap: reason=unstable_if action=reinterpret pc=0x000001681b2771b0 method=java.util.HashMap.putVal(ILjava/lang/Object;Ljava/lang/Object;ZZ)Ljava/lang/Object; @ 162 c2
Event: 6.573 Thread 0x000001680bf1b3d0 DEOPT PACKING pc=0x000001681b2771b0 sp=0x000000503a4fd5c0
Event: 6.573 Thread 0x000001680bf1b3d0 DEOPT UNPACKING pc=0x00000168137f239d sp=0x000000503a4fd550 mode 2

Classes unloaded (0 events):
No events

Classes redefined (0 events):
No events

Internal exceptions (13 events):
Event: 0.447 Thread 0x000001680bf1b3d0 Exception <a 'java/lang/NoSuchMethodError'{0x00000000e3d01a88}: 'void java.lang.invoke.DirectMethodHandle$Holder.invokeSpecial(java.lang.Object, java.lang.Object, java.lang.Object)'> (0x00000000e3d01a88) 
thrown [t:\workspace\open\src\hotspot\share\interpreter\linkResolver.cpp, line 766]
Event: 0.457 Thread 0x000001680bf1b3d0 Exception <a 'java/lang/NoSuchMethodError'{0x00000000e3d15188}: 'void java.lang.invoke.DirectMethodHandle$Holder.invokeSpecial(java.lang.Object, java.lang.Object, java.lang.Object, java.lang.Object, java.lang.Object)'> (0x00000000e3d15188) 
thrown [t:\workspace\open\src\hotspot\share\interpreter\linkResolver.cpp, line 766]
Event: 0.466 Thread 0x000001680bf1b3d0 Exception <a 'java/lang/NoSuchMethodError'{0x00000000e3d27fa0}: 'java.lang.Object java.lang.invoke.DirectMethodHandle$Holder.invokeInterface(java.lang.Object, java.lang.Object)'> (0x00000000e3d27fa0) 
thrown [t:\workspace\open\src\hotspot\share\interpreter\linkResolver.cpp, line 766]
Event: 0.467 Thread 0x000001680bf1b3d0 Exception <a 'java/lang/IncompatibleClassChangeError'{0x00000000e3d2b618}: Found class java.lang.Object, but interface was expected> (0x00000000e3d2b618) 
thrown [t:\workspace\open\src\hotspot\share\interpreter\linkResolver.cpp, line 833]
Event: 0.468 Thread 0x000001680bf1b3d0 Exception <a 'java/lang/NoSuchMethodError'{0x00000000e3d2e3e0}: 'void java.lang.invoke.DirectMethodHandle$Holder.invokeStatic(java.lang.Object, java.lang.Object, java.lang.Object, java.lang.Object)'> (0x00000000e3d2e3e0) 
thrown [t:\workspace\open\src\hotspot\share\interpreter\linkResolver.cpp, line 766]
Event: 5.803 Thread 0x000001680bf1b3d0 Implicit null exception at 0x000001681b27ab58 to 0x000001681b27abee
Event: 5.803 Thread 0x000001680bf1b3d0 Implicit null exception at 0x000001681b274a0f to 0x000001681b274a89
Event: 6.016 Thread 0x000001680bf1b3d0 Exception <a 'java/lang/NoSuchMethodError'{0x00000000e3a43038}: 'void java.lang.invoke.DirectMethodHandle$Holder.invokeStatic(java.lang.Object, java.lang.Object, java.lang.Object)'> (0x00000000e3a43038) 
thrown [t:\workspace\open\src\hotspot\share\interpreter\linkResolver.cpp, line 766]
Event: 6.025 Thread 0x000001680bf1b3d0 Exception <a 'java/lang/NoSuchMethodError'{0x00000000e3a4ce40}: 'java.lang.Object java.lang.invoke.DirectMethodHandle$Holder.invokeVirtual(java.lang.Object, java.lang.Object, java.lang.Object)'> (0x00000000e3a4ce40) 
thrown [t:\workspace\open\src\hotspot\share\interpreter\linkResolver.cpp, line 766]
Event: 6.260 Thread 0x000001680bf1b3d0 Exception <a 'java/lang/NoSuchMethodError'{0x00000000e3dc8448}: 'java.lang.Object java.lang.invoke.DirectMethodHandle$Holder.invokeStaticInit(java.lang.Object)'> (0x00000000e3dc8448) 
thrown [t:\workspace\open\src\hotspot\share\interpreter\linkResolver.cpp, line 766]
Event: 6.281 Thread 0x000001680bf1b3d0 Exception <a 'java/lang/NoSuchMethodError'{0x00000000e3dd5580}: 'void java.lang.invoke.DirectMethodHandle$Holder.invokeStatic(java.lang.Object, java.lang.Object)'> (0x00000000e3dd5580) 
thrown [t:\workspace\open\src\hotspot\share\interpreter\linkResolver.cpp, line 766]
Event: 6.511 Thread 0x000001680bf1b3d0 Exception <a 'java/lang/NoSuchMethodError'{0x00000000e3fbc968}: 'void java.lang.invoke.DirectMethodHandle$Holder.invokeStaticInit(java.lang.Object, java.lang.Object)'> (0x00000000e3fbc968) 
thrown [t:\workspace\open\src\hotspot\share\interpreter\linkResolver.cpp, line 766]
Event: 6.664 Thread 0x000001680bf1b3d0 Exception <a 'sun/nio/fs/WindowsException'{0x00000000e3ee9eb0}> (0x00000000e3ee9eb0) 
thrown [t:\workspace\open\src\hotspot\share\prims\jni.cpp, line 516]

VM Operations (20 events):
Event: 0.378 Executing VM operation: HandshakeAllThreads
Event: 0.378 Executing VM operation: HandshakeAllThreads done
Event: 0.463 Executing VM operation: HandshakeAllThreads
Event: 0.463 Executing VM operation: HandshakeAllThreads done
Event: 0.565 Executing VM operation: HandshakeAllThreads
Event: 0.565 Executing VM operation: HandshakeAllThreads done
Event: 1.576 Executing VM operation: Cleanup
Event: 1.576 Executing VM operation: Cleanup done
Event: 5.840 Executing VM operation: HandshakeAllThreads
Event: 5.840 Executing VM operation: HandshakeAllThreads done
Event: 5.840 Executing VM operation: Cleanup
Event: 5.841 Executing VM operation: Cleanup done
Event: 5.882 Executing VM operation: HandshakeAllThreads
Event: 5.882 Executing VM operation: HandshakeAllThreads done
Event: 6.073 Executing VM operation: G1CollectForAllocation
Event: 6.085 Executing VM operation: G1CollectForAllocation done
Event: 6.189 Executing VM operation: HandshakeAllThreads
Event: 6.189 Executing VM operation: HandshakeAllThreads done
Event: 6.431 Executing VM operation: G1CollectForAllocation
Event: 6.437 Executing VM operation: G1CollectForAllocation done

Events (20 events):
Event: 6.661 loading class java/nio/file/AccessMode done
Event: 6.661 loading class sun/nio/fs/WindowsFileSystemProvider$1
Event: 6.662 loading class sun/nio/fs/WindowsFileSystemProvider$1 done
Event: 6.662 loading class sun/nio/fs/WindowsChannelFactory
Event: 6.662 loading class sun/nio/fs/WindowsChannelFactory done
Event: 6.662 loading class sun/nio/fs/WindowsChannelFactory$1
Event: 6.663 loading class sun/nio/fs/WindowsChannelFactory$1 done
Event: 6.663 loading class sun/nio/fs/WindowsChannelFactory$Flags
Event: 6.663 loading class sun/nio/fs/WindowsChannelFactory$Flags done
Event: 6.663 loading class sun/nio/fs/WindowsException
Event: 6.664 loading class sun/nio/fs/WindowsException done
Event: 6.664 loading class sun/nio/fs/WindowsDirectoryStream
Event: 6.664 loading class java/nio/file/DirectoryStream
Event: 6.664 loading class java/nio/file/DirectoryStream done
Event: 6.664 loading class sun/nio/fs/WindowsDirectoryStream done
Event: 6.666 loading class sun/nio/fs/Globs
Event: 6.667 loading class sun/nio/fs/Globs done
Event: 6.667 loading class java/util/regex/Pattern$SliceU
Event: 6.667 loading class java/util/regex/Pattern$SliceU done
Event: 6.667 loading class sun/nio/fs/WindowsFileSystem$2


Dynamic libraries:
0x00007ff7e5600000 - 0x00007ff7e5610000 	C:\Program Files\Java\jdk-17.0.3.1\bin\javaw.exe
0x00007ffdb2610000 - 0x00007ffdb2808000 	C:\Windows\SYSTEM32\ntdll.dll
0x00007ffdb07b0000 - 0x00007ffdb086d000 	C:\Windows\System32\KERNEL32.DLL
0x00007ffdb0100000 - 0x00007ffdb03ce000 	C:\Windows\System32\KERNELBASE.dll
0x00007ffdafe70000 - 0x00007ffdaff70000 	C:\Windows\System32\ucrtbase.dll
0x00007ffd9efd0000 - 0x00007ffd9efe8000 	C:\Program Files\Java\jdk-17.0.3.1\bin\jli.dll
0x00007ffdb17f0000 - 0x00007ffdb189e000 	C:\Windows\System32\ADVAPI32.dll
0x00007ffdb08a0000 - 0x00007ffdb093e000 	C:\Windows\System32\msvcrt.dll
0x00007ffdb1990000 - 0x00007ffdb1a2c000 	C:\Windows\System32\sechost.dll
0x00007ffdb1a60000 - 0x00007ffdb1b85000 	C:\Windows\System32\RPCRT4.dll
0x00007ffdb1290000 - 0x00007ffdb1430000 	C:\Windows\System32\USER32.dll
0x00007ffd9ef30000 - 0x00007ffd9ef4a000 	C:\Program Files\Java\jdk-17.0.3.1\bin\VCRUNTIME140.dll
0x00007ffda1560000 - 0x00007ffda17fa000 	C:\Windows\WinSxS\amd64_microsoft.windows.common-controls_6595b64144ccf1df_6.0.19041.1110_none_60b5254171f9507e\COMCTL32.dll
0x00007ffdb1a30000 - 0x00007ffdb1a5a000 	C:\Windows\System32\GDI32.dll
0x00007ffdb03d0000 - 0x00007ffdb03f2000 	C:\Windows\System32\win32u.dll
0x00007ffdb0560000 - 0x00007ffdb066b000 	C:\Windows\System32\gdi32full.dll
0x00007ffdaff70000 - 0x00007ffdb000d000 	C:\Windows\System32\msvcp_win.dll
0x00007ffd9ff00000 - 0x00007ffd9ff0a000 	C:\Windows\SYSTEM32\VERSION.dll
0x00007ffdb0870000 - 0x00007ffdb08a0000 	C:\Windows\System32\IMM32.DLL
0x00007ffda8980000 - 0x00007ffda898c000 	C:\Program Files\Java\jdk-17.0.3.1\bin\vcruntime140_1.dll
0x00007ffd6c370000 - 0x00007ffd6c3fd000 	C:\Program Files\Java\jdk-17.0.3.1\bin\msvcp140.dll
0x00007ffd57960000 - 0x00007ffd58520000 	C:\Program Files\Java\jdk-17.0.3.1\bin\server\jvm.dll
0x00007ffdb18a0000 - 0x00007ffdb18a8000 	C:\Windows\System32\PSAPI.DLL
0x00007ffdaa900000 - 0x00007ffdaa909000 	C:\Windows\SYSTEM32\WSOCK32.dll
0x00007ffdb0940000 - 0x00007ffdb09ab000 	C:\Windows\System32\WS2_32.dll
0x00007ffd9b190000 - 0x00007ffd9b1b7000 	C:\Windows\SYSTEM32\WINMM.dll
0x00007ffdadc30000 - 0x00007ffdadc42000 	C:\Windows\SYSTEM32\kernel.appcore.dll
0x00007ffdaa6a0000 - 0x00007ffdaa6aa000 	C:\Program Files\Java\jdk-17.0.3.1\bin\jimage.dll
0x00007ffd9e5b0000 - 0x00007ffd9e794000 	C:\Windows\SYSTEM32\DBGHELP.DLL
0x00007ffd9e2e0000 - 0x00007ffd9e30c000 	C:\Windows\SYSTEM32\dbgcore.DLL
0x00007ffdafd30000 - 0x00007ffdafdb2000 	C:\Windows\System32\bcryptPrimitives.dll
0x00007ffdaa670000 - 0x00007ffdaa695000 	C:\Program Files\Java\jdk-17.0.3.1\bin\java.dll
0x00007ffd58890000 - 0x00007ffd58966000 	C:\Program Files\Java\jdk-17.0.3.1\bin\jsvml.dll
0x00007ffdb0b40000 - 0x00007ffdb1284000 	C:\Windows\System32\SHELL32.dll
0x00007ffdade30000 - 0x00007ffdae5c4000 	C:\Windows\SYSTEM32\windows.storage.dll
0x00007ffdb1b90000 - 0x00007ffdb1ee4000 	C:\Windows\System32\combase.dll
0x00007ffdaf790000 - 0x00007ffdaf7c0000 	C:\Windows\SYSTEM32\Wldp.dll
0x00007ffdb1ef0000 - 0x00007ffdb1f9d000 	C:\Windows\System32\SHCORE.dll
0x00007ffdb0ae0000 - 0x00007ffdb0b35000 	C:\Windows\System32\shlwapi.dll
0x00007ffdafc70000 - 0x00007ffdafc8f000 	C:\Windows\SYSTEM32\profapi.dll
0x00007ffdaa450000 - 0x00007ffdaa469000 	C:\Program Files\Java\jdk-17.0.3.1\bin\net.dll
0x00007ffda24f0000 - 0x00007ffda25fa000 	C:\Windows\SYSTEM32\WINHTTP.dll
0x00007ffdaf4f0000 - 0x00007ffdaf55a000 	C:\Windows\system32\mswsock.dll
0x00007ffdaa430000 - 0x00007ffdaa446000 	C:\Program Files\Java\jdk-17.0.3.1\bin\nio.dll
0x00007ffdaa410000 - 0x00007ffdaa428000 	C:\Program Files\Java\jdk-17.0.3.1\bin\zip.dll
0x00007ffdaf1e0000 - 0x00007ffdaf2aa000 	C:\Windows\SYSTEM32\DNSAPI.dll
0x00007ffdaf190000 - 0x00007ffdaf1cb000 	C:\Windows\SYSTEM32\IPHLPAPI.DLL
0x00007ffdb0a20000 - 0x00007ffdb0a28000 	C:\Windows\System32\NSI.dll
0x00007ffda2400000 - 0x00007ffda240a000 	C:\Windows\System32\rasadhlp.dll
0x00007ffda2910000 - 0x00007ffda2990000 	C:\Windows\System32\fwpuclnt.dll
0x00007ffdb00d0000 - 0x00007ffdb00f7000 	C:\Windows\System32\bcrypt.dll

dbghelp: loaded successfully - version: 4.0.5 - missing functions: none
symbol engine: initialized successfully - sym options: 0x614 - pdb path: .;C:\Program Files\Java\jdk-17.0.3.1\bin;C:\Windows\SYSTEM32;C:\Windows\WinSxS\amd64_microsoft.windows.common-controls_6595b64144ccf1df_6.0.19041.1110_none_60b5254171f9507e;C:\Program Files\Java\jdk-17.0.3.1\bin\server

VM Arguments:
jvm_args: -Dfile.encoding=UTF-8 --module-path=C:\Users\ricar\OneDrive\Área de Trabalho\CURSO PROGRAMAÇÃO RECODE PRO\PROGRAMAS\mysql-connector-java-8.0.30.jar -XX:+ShowCodeDetailsInExceptionMessages 
java_command: crud.CrudCompra
java_class_path (initial): C:\Users\ricar\eclipse-workspace\AGENCIA ALTO PADRÃO TURISMO\bin
Launcher Type: SUN_STANDARD

[Global flags]
     intx CICompilerCount                          = 2                                         {product} {ergonomic}
     uint ConcGCThreads                            = 1                                         {product} {ergonomic}
     uint G1ConcRefinementThreads                  = 2                                         {product} {ergonomic}
   size_t G1HeapRegionSize                         = 1048576                                   {product} {ergonomic}
    uintx GCDrainStackTargetSize                   = 64                                        {product} {ergonomic}
   size_t InitialHeapSize                          = 31457280                                  {product} {ergonomic}
   size_t MarkStackSize                            = 4194304                                   {product} {ergonomic}
   size_t MaxHeapSize                              = 501219328                                 {product} {ergonomic}
   size_t MaxNewSize                               = 299892736                                 {product} {ergonomic}
   size_t MinHeapDeltaBytes                        = 1048576                                   {product} {ergonomic}
   size_t MinHeapSize                              = 8388608                                   {product} {ergonomic}
    uintx NonNMethodCodeHeapSize                   = 5826188                                {pd product} {ergonomic}
    uintx NonProfiledCodeHeapSize                  = 122916026                              {pd product} {ergonomic}
    uintx ProfiledCodeHeapSize                     = 122916026                              {pd product} {ergonomic}
    uintx ReservedCodeCacheSize                    = 251658240                              {pd product} {ergonomic}
     bool SegmentedCodeCache                       = true                                      {product} {ergonomic}
     bool ShowCodeDetailsInExceptionMessages       = true                                   {manageable} {command line}
   size_t SoftMaxHeapSize                          = 501219328                              {manageable} {ergonomic}
     bool UseCompressedClassPointers               = true                           {product lp64_product} {ergonomic}
     bool UseCompressedOops                        = true                           {product lp64_product} {ergonomic}
     bool UseG1GC                                  = true                                      {product} {ergonomic}
     bool UseLargePagesIndividualAllocation        = false                                  {pd product} {ergonomic}

Logging:
Log output configuration:
 #0: stdout all=warning uptime,level,tags
 #1: stderr all=off uptime,level,tags

Environment Variables:
PATH=C:/Program Files/Java/jdk-17.0.3.1/bin/server;C:/Program Files/Java/jdk-17.0.3.1/bin;C:\Program Files\Common Files\Oracle\Java\javapath;C:\Program Files (x86)\Common Files\Oracle\Java\javapath;C:\Windows\system32;C:\Windows;C:\Windows\System32\Wbem;C:\Windows\System32\WindowsPowerShell\v1.0\;C:\Windows\System32\OpenSSH\;C:\Program Files\Git\cmd;C:\Program Files\MySQL\MySQL Shell 8.0\bin\;C:\Users\ricar\AppData\Local\Microsoft\WindowsApps;C:\Users\ricar\AppData\Local\Programs\Microsoft VS Code\bin;C:\Windows\system32;
USERNAME=ricar
OS=Windows_NT
PROCESSOR_IDENTIFIER=Intel64 Family 6 Model 37 Stepping 5, GenuineIntel



---------------  S Y S T E M  ---------------

OS:
 Windows 10 , 64 bit Build 19041 (10.0.19041.1889)
OS uptime: 0 days 12:25 hours

CPU: total 2 (initial active 2) (2 cores per cpu, 1 threads per core) family 6 model 37 stepping 5 microcode 0x7, cx8, cmov, fxsr, mmx, sse, sse2, sse3, ssse3, popcnt, tsc, tscinvbit, clflush

Memory: 4k page, system-wide physical 1908M (192M free)
TotalPageFile size 7796M (AvailPageFile size 2M)
current process WorkingSet (physical memory assigned to process): 53M, peak: 53M
current process commit charge ("private bytes"): 104M, peak: 104M

vm_info: Java HotSpot(TM) 64-Bit Server VM (17.0.3.1+2-LTS-6) for windows-amd64 JRE (17.0.3.1+2-LTS-6), built on Apr 25 2022 22:04:21 by "mach5one" with MS VC++ 16.8 / 16.9 (VS2019)

END.
