#
# There is insufficient memory for the Java Runtime Environment to continue.
# Native memory allocation (malloc) failed to allocate 414144 bytes for Chunk::new
# Possible reasons:
#   The system is out of physical RAM or swap space
#   The process is running with CompressedOops enabled, and the Java Heap may be blocking the growth of the native heap
# Possible solutions:
#   Reduce memory load on the system
#   Increase physical memory or swap space
#   Check if swap backing store is full
#   Decrease Java heap size (-Xmx/-Xms)
#   Decrease number of Java threads
#   Decrease Java thread stack sizes (-Xss)
#   Set larger code cache with -XX:ReservedCodeCacheSize=
#   JVM is running with Unscaled Compressed Oops mode in which the Java heap is
#     placed in the first 4GB address space. The Java Heap base address is the
#     maximum limit for the native heap growth. Please use -XX:HeapBaseMinAddress
#     to set the Java Heap base and to place the Java Heap above 4GB virtual address.
# This output file may be truncated or incomplete.
#
#  Out of Memory Error (arena.cpp:189), pid=6412, tid=6328
#
# JRE version: Java(TM) SE Runtime Environment (17.0.3.1+2) (build 17.0.3.1+2-LTS-6)
# Java VM: Java HotSpot(TM) 64-Bit Server VM (17.0.3.1+2-LTS-6, mixed mode, sharing, tiered, compressed oops, compressed class ptrs, g1 gc, windows-amd64)
# No core dump will be written. Minidumps are not enabled by default on client versions of Windows
#

---------------  S U M M A R Y ------------

Command Line: -Dfile.encoding=UTF-8 --module-path=C:\Users\ricar\OneDrive\Área de Trabalho\CURSO PROGRAMAÇÃO RECODE PRO\PROGRAMAS\mysql-connector-java-8.0.30.jar -XX:+ShowCodeDetailsInExceptionMessages crud.CrudCompra

Host: Intel(R) Pentium(R) CPU        P6200  @ 2.13GHz, 2 cores, 1G,  Windows 10 , 64 bit Build 19041 (10.0.19041.1889)
Time: Sat Sep  3 02:50:44 2022 Hora oficial do Brasil elapsed time: 9.380195 seconds (0d 0h 0m 9s)

---------------  T H R E A D  ---------------

Current thread (0x0000019ae02b78f0):  JavaThread "C2 CompilerThread0" daemon [_thread_in_native, id=6328, stack(0x0000001058900000,0x0000001058a00000)]


Current CompileTask:
C2:   9380  525       4       java.util.Properties::loadConvert (540 bytes)

Stack: [0x0000001058900000,0x0000001058a00000]
Native frames: (J=compiled Java code, j=interpreted, Vv=VM code, C=native code)
V  [jvm.dll+0x6711ba]
V  [jvm.dll+0x7d0834]
V  [jvm.dll+0x7d1fde]
V  [jvm.dll+0x7d2643]
V  [jvm.dll+0x242c85]
V  [jvm.dll+0xaa57b]
V  [jvm.dll+0xaab0c]
V  [jvm.dll+0x35ff77]
V  [jvm.dll+0x32a581]
V  [jvm.dll+0x329a2a]
V  [jvm.dll+0x215d61]
V  [jvm.dll+0x215181]
V  [jvm.dll+0x1a1c3d]
V  [jvm.dll+0x2249c8]
V  [jvm.dll+0x222b2c]
V  [jvm.dll+0x78650b]
V  [jvm.dll+0x780aca]
V  [jvm.dll+0x670045]
C  [ucrtbase.dll+0x21bb2]
C  [KERNEL32.DLL+0x17034]
C  [ntdll.dll+0x52651]


---------------  P R O C E S S  ---------------

Threads class SMR info:
_java_thread_list=0x0000019ae0e22150, length=13, elements={
0x0000019ac691b240, 0x0000019ac69dfb80, 0x0000019ac69e4200, 0x0000019ac69f7040,
0x0000019ac69f90b0, 0x0000019ac69fa110, 0x0000019ae0295d00, 0x0000019ae02b78f0,
0x0000019ae02c7e90, 0x0000019ae031c6e0, 0x0000019ac69cf110, 0x0000019ae0dd4920,
0x0000019ae02d9990
}

Java Threads: ( => current thread )
  0x0000019ac691b240 JavaThread "main" [_thread_in_vm, id=2740, stack(0x0000001057c00000,0x0000001057d00000)]
  0x0000019ac69dfb80 JavaThread "Reference Handler" daemon [_thread_blocked, id=5536, stack(0x0000001058300000,0x0000001058400000)]
  0x0000019ac69e4200 JavaThread "Finalizer" daemon [_thread_blocked, id=8244, stack(0x0000001058400000,0x0000001058500000)]
  0x0000019ac69f7040 JavaThread "Signal Dispatcher" daemon [_thread_blocked, id=5908, stack(0x0000001058500000,0x0000001058600000)]
  0x0000019ac69f90b0 JavaThread "Attach Listener" daemon [_thread_blocked, id=2892, stack(0x0000001058600000,0x0000001058700000)]
  0x0000019ac69fa110 JavaThread "Service Thread" daemon [_thread_blocked, id=5420, stack(0x0000001058700000,0x0000001058800000)]
  0x0000019ae0295d00 JavaThread "Monitor Deflation Thread" daemon [_thread_blocked, id=8752, stack(0x0000001058800000,0x0000001058900000)]
=>0x0000019ae02b78f0 JavaThread "C2 CompilerThread0" daemon [_thread_in_native, id=6328, stack(0x0000001058900000,0x0000001058a00000)]
  0x0000019ae02c7e90 JavaThread "C1 CompilerThread0" daemon [_thread_blocked, id=9612, stack(0x0000001058a00000,0x0000001058b00000)]
  0x0000019ae031c6e0 JavaThread "Sweeper thread" daemon [_thread_blocked, id=6016, stack(0x0000001058b00000,0x0000001058c00000)]
  0x0000019ac69cf110 JavaThread "Common-Cleaner" daemon [_thread_blocked, id=4516, stack(0x0000001058c00000,0x0000001058d00000)]
  0x0000019ae0dd4920 JavaThread "Notification Thread" daemon [_thread_blocked, id=6020, stack(0x0000001058d00000,0x0000001058e00000)]
  0x0000019ae02d9990 JavaThread "mysql-cj-abandoned-connection-cleanup" daemon [_thread_blocked, id=9440, stack(0x0000001058f00000,0x0000001059000000)]

Other Threads:
  0x0000019ac69dc020 VMThread "VM Thread" [stack: 0x0000001058200000,0x0000001058300000] [id=10400]
  0x0000019ae0dfec40 WatcherThread [stack: 0x0000001058e00000,0x0000001058f00000] [id=10180]
  0x0000019ac69468c0 GCTaskThread "GC Thread#0" [stack: 0x0000001057d00000,0x0000001057e00000] [id=7732]
  0x0000019ac694d2f0 ConcurrentGCThread "G1 Main Marker" [stack: 0x0000001057e00000,0x0000001057f00000] [id=9460]
  0x0000019ac694e3b0 ConcurrentGCThread "G1 Conc#0" [stack: 0x0000001057f00000,0x0000001058000000] [id=1132]
  0x0000019ac696d400 ConcurrentGCThread "G1 Refine#0" [stack: 0x0000001058000000,0x0000001058100000] [id=8972]
  0x0000019ac696dd30 ConcurrentGCThread "G1 Service" [stack: 0x0000001058100000,0x0000001058200000] [id=10824]

Threads with active compile tasks:
C2 CompilerThread0     9475  525       4       java.util.Properties::loadConvert (540 bytes)

VM state: not at safepoint (normal execution)

VM Mutex/Monitor currently owned by a thread:  ([mutex/lock_event])
[0x0000019ac69146a0] Metaspace_lock - owner thread: 0x0000019ac691b240

Heap address: 0x00000000e2200000, size: 478 MB, Compressed Oops mode: 32-bit

CDS archive(s) mapped at: [0x0000000800000000-0x0000000800bc0000-0x0000000800bc0000), size 12320768, SharedBaseAddress: 0x0000000800000000, ArchiveRelocationMode: 0.
Compressed class space mapped at: 0x0000000800c00000-0x0000000840c00000, reserved size: 1073741824
Narrow klass base: 0x0000000800000000, Narrow klass shift: 0, Narrow klass range: 0x100000000

GC Precious Log:
 CPUs: 2 total, 2 available
 Memory: 1908M
 Large Page Support: Disabled
 NUMA Support: Disabled
 Compressed Oops: Enabled (32-bit)
 Heap Region Size: 1M
 Heap Min Capacity: 8M
 Heap Initial Capacity: 30M
 Heap Max Capacity: 478M
 Pre-touch: Disabled
 Parallel Workers: 2
 Concurrent Workers: 1
 Concurrent Refinement Workers: 2
 Periodic GC: Disabled

Heap:
 garbage-first heap   total 30720K, used 4096K [0x00000000e2200000, 0x0000000100000000)
  region size 1024K, 6 young (6144K), 0 survivors (0K)
 Metaspace       used 1828K, committed 1984K, reserved 1056768K
  class space    used 160K, committed 256K, reserved 1048576K

Heap Regions: E=young(eden), S=young(survivor), O=old, HS=humongous(starts), HC=humongous(continues), CS=collection set, F=free, OA=open archive, CA=closed archive, TAMS=top-at-mark-start (previous, next)
|   0|0x00000000e2200000, 0x00000000e2200000, 0x00000000e2300000|  0%| F|  |TAMS 0x00000000e2200000, 0x00000000e2200000| Untracked 
|   1|0x00000000e2300000, 0x00000000e2300000, 0x00000000e2400000|  0%| F|  |TAMS 0x00000000e2300000, 0x00000000e2300000| Untracked 
|   2|0x00000000e2400000, 0x00000000e2400000, 0x00000000e2500000|  0%| F|  |TAMS 0x00000000e2400000, 0x00000000e2400000| Untracked 
|   3|0x00000000e2500000, 0x00000000e2500000, 0x00000000e2600000|  0%| F|  |TAMS 0x00000000e2500000, 0x00000000e2500000| Untracked 
|   4|0x00000000e2600000, 0x00000000e2600000, 0x00000000e2700000|  0%| F|  |TAMS 0x00000000e2600000, 0x00000000e2600000| Untracked 
|   5|0x00000000e2700000, 0x00000000e2700000, 0x00000000e2800000|  0%| F|  |TAMS 0x00000000e2700000, 0x00000000e2700000| Untracked 
|   6|0x00000000e2800000, 0x00000000e2800000, 0x00000000e2900000|  0%| F|  |TAMS 0x00000000e2800000, 0x00000000e2800000| Untracked 
|   7|0x00000000e2900000, 0x00000000e2900000, 0x00000000e2a00000|  0%| F|  |TAMS 0x00000000e2900000, 0x00000000e2900000| Untracked 
|   8|0x00000000e2a00000, 0x00000000e2a00000, 0x00000000e2b00000|  0%| F|  |TAMS 0x00000000e2a00000, 0x00000000e2a00000| Untracked 
|   9|0x00000000e2b00000, 0x00000000e2b00000, 0x00000000e2c00000|  0%| F|  |TAMS 0x00000000e2b00000, 0x00000000e2b00000| Untracked 
|  10|0x00000000e2c00000, 0x00000000e2c00000, 0x00000000e2d00000|  0%| F|  |TAMS 0x00000000e2c00000, 0x00000000e2c00000| Untracked 
|  11|0x00000000e2d00000, 0x00000000e2d00000, 0x00000000e2e00000|  0%| F|  |TAMS 0x00000000e2d00000, 0x00000000e2d00000| Untracked 
|  12|0x00000000e2e00000, 0x00000000e2e00000, 0x00000000e2f00000|  0%| F|  |TAMS 0x00000000e2e00000, 0x00000000e2e00000| Untracked 
|  13|0x00000000e2f00000, 0x00000000e2f00000, 0x00000000e3000000|  0%| F|  |TAMS 0x00000000e2f00000, 0x00000000e2f00000| Untracked 
|  14|0x00000000e3000000, 0x00000000e3000000, 0x00000000e3100000|  0%| F|  |TAMS 0x00000000e3000000, 0x00000000e3000000| Untracked 
|  15|0x00000000e3100000, 0x00000000e3100000, 0x00000000e3200000|  0%| F|  |TAMS 0x00000000e3100000, 0x00000000e3100000| Untracked 
|  16|0x00000000e3200000, 0x00000000e3200000, 0x00000000e3300000|  0%| F|  |TAMS 0x00000000e3200000, 0x00000000e3200000| Untracked 
|  17|0x00000000e3300000, 0x00000000e3300000, 0x00000000e3400000|  0%| F|  |TAMS 0x00000000e3300000, 0x00000000e3300000| Untracked 
|  18|0x00000000e3400000, 0x00000000e3400000, 0x00000000e3500000|  0%| F|  |TAMS 0x00000000e3400000, 0x00000000e3400000| Untracked 
|  19|0x00000000e3500000, 0x00000000e3500000, 0x00000000e3600000|  0%| F|  |TAMS 0x00000000e3500000, 0x00000000e3500000| Untracked 
|  20|0x00000000e3600000, 0x00000000e3600000, 0x00000000e3700000|  0%| F|  |TAMS 0x00000000e3600000, 0x00000000e3600000| Untracked 
|  21|0x00000000e3700000, 0x00000000e3700000, 0x00000000e3800000|  0%| F|  |TAMS 0x00000000e3700000, 0x00000000e3700000| Untracked 
|  22|0x00000000e3800000, 0x00000000e3800000, 0x00000000e3900000|  0%| F|  |TAMS 0x00000000e3800000, 0x00000000e3800000| Untracked 
|  23|0x00000000e3900000, 0x00000000e3900000, 0x00000000e3a00000|  0%| F|  |TAMS 0x00000000e3900000, 0x00000000e3900000| Untracked 
|  24|0x00000000e3a00000, 0x00000000e3acfc28, 0x00000000e3b00000| 81%| E|  |TAMS 0x00000000e3a00000, 0x00000000e3a00000| Complete 
|  25|0x00000000e3b00000, 0x00000000e3c00000, 0x00000000e3c00000|100%| E|CS|TAMS 0x00000000e3b00000, 0x00000000e3b00000| Complete 
|  26|0x00000000e3c00000, 0x00000000e3d00000, 0x00000000e3d00000|100%| E|CS|TAMS 0x00000000e3c00000, 0x00000000e3c00000| Complete 
|  27|0x00000000e3d00000, 0x00000000e3e00000, 0x00000000e3e00000|100%| E|CS|TAMS 0x00000000e3d00000, 0x00000000e3d00000| Complete 
|  28|0x00000000e3e00000, 0x00000000e3f00000, 0x00000000e3f00000|100%| E|CS|TAMS 0x00000000e3e00000, 0x00000000e3e00000| Complete 
|  29|0x00000000e3f00000, 0x00000000e4000000, 0x00000000e4000000|100%| E|  |TAMS 0x00000000e3f00000, 0x00000000e3f00000| Complete 

Card table byte_map: [0x0000019ac65f0000,0x0000019ac66e0000] _byte_map_base: 0x0000019ac5edf000

Marking Bits (Prev, Next): (CMBitMap*) 0x0000019ac6948e00, (CMBitMap*) 0x0000019ac6948e40
 Prev Bits: [0x0000019add1a0000, 0x0000019add918000)
 Next Bits: [0x0000019add920000, 0x0000019ade098000)

Polling page: 0x0000019ac46c0000

Metaspace:

Usage:
  Non-class:      1.63 MB used.
      Class:    160.23 KB used.
       Both:      1.79 MB used.

Virtual space:
  Non-class space:        8.00 MB reserved,       1.69 MB ( 21%) committed,  1 nodes.
      Class space:        1.00 GB reserved,     256.00 KB ( <1%) committed,  1 nodes.
             Both:        1.01 GB reserved,       1.94 MB ( <1%) committed. 

Chunk freelists:
   Non-Class:  3.42 MB
       Class:  3.67 MB
        Both:  7.09 MB

MaxMetaspaceSize: unlimited
CompressedClassSpaceSize: 1.00 GB
Initial GC threshold: 21.00 MB
Current GC threshold: 21.00 MB
CDS: on
MetaspaceReclaimPolicy: balanced
 - commit_granule_bytes: 65536.
 - commit_granule_words: 8192.
 - virtual_space_node_default_size: 1048576.
 - enlarge_chunks_in_place: 1.
 - new_chunks_are_fully_committed: 0.
 - uncommit_free_chunks: 1.
 - use_allocation_guard: 0.
 - handle_deallocations: 1.


Internal statistics:

num_allocs_failed_limit: 0.
num_arena_births: 38.
num_arena_deaths: 0.
num_vsnodes_births: 2.
num_vsnodes_deaths: 0.
num_space_committed: 31.
num_space_uncommitted: 0.
num_chunks_returned_to_freelist: 0.
num_chunks_taken_from_freelist: 78.
num_chunk_merges: 0.
num_chunk_splits: 50.
num_chunks_enlarged: 30.
num_purges: 0.
num_inconsistent_stats: 0.

CodeHeap 'non-profiled nmethods': size=120064Kb used=163Kb max_used=163Kb free=119900Kb
 bounds [0x0000019ad5c60000, 0x0000019ad5ed0000, 0x0000019add1a0000]
CodeHeap 'profiled nmethods': size=120000Kb used=758Kb max_used=758Kb free=119241Kb
 bounds [0x0000019ace730000, 0x0000019ace9a0000, 0x0000019ad5c60000]
CodeHeap 'non-nmethods': size=5696Kb used=1140Kb max_used=1140Kb free=4555Kb
 bounds [0x0000019ace1a0000, 0x0000019ace410000, 0x0000019ace730000]
 total_blobs=978 nmethods=549 adapters=343
 compilation: enabled
              stopped_count=0, restarted_count=0
 full_count=0

Compilation events (20 events):
Event: 9.343 Thread 0x0000019ae02b78f0  525       4       java.util.Properties::loadConvert (540 bytes)
Event: 9.343 Thread 0x0000019ae02c7e90 nmethod 526% 0x0000019ace7e5c90 code [0x0000019ace7e5e40, 0x0000019ace7e60d8]
Event: 9.344 Thread 0x0000019ae02c7e90  527       3       java.lang.StringLatin1::inflate (34 bytes)
Event: 9.344 Thread 0x0000019ae02c7e90 nmethod 527 0x0000019ace7e6290 code [0x0000019ace7e6440, 0x0000019ace7e6658]
Event: 9.354 Thread 0x0000019ae02c7e90  529       3       java.util.concurrent.ConcurrentHashMap$Node::<init> (14 bytes)
Event: 9.354 Thread 0x0000019ae02c7e90 nmethod 529 0x0000019ace7e6810 code [0x0000019ace7e69c0, 0x0000019ace7e6cb8]
Event: 9.361 Thread 0x0000019ae02c7e90  531       3       java.util.concurrent.ConcurrentHashMap$Traverser::advance (188 bytes)
Event: 9.362 Thread 0x0000019ae02c7e90 nmethod 531 0x0000019ace7e6d90 code [0x0000019ace7e6fe0, 0x0000019ace7e7bc8]
Event: 9.362 Thread 0x0000019ae02c7e90  532       3       java.util.concurrent.ConcurrentHashMap$BaseIterator::hasNext (13 bytes)
Event: 9.362 Thread 0x0000019ae02c7e90 nmethod 532 0x0000019ace7e7e90 code [0x0000019ace7e8020, 0x0000019ace7e8198]
Event: 9.363 Thread 0x0000019ae02c7e90  533       1       java.util.concurrent.ConcurrentHashMap$MapEntry::getKey (5 bytes)
Event: 9.363 Thread 0x0000019ae02c7e90 nmethod 533 0x0000019ad5c87c10 code [0x0000019ad5c87da0, 0x0000019ad5c87e78]
Event: 9.363 Thread 0x0000019ae02c7e90  534       1       java.util.concurrent.ConcurrentHashMap$MapEntry::getValue (5 bytes)
Event: 9.363 Thread 0x0000019ae02c7e90 nmethod 534 0x0000019ad5c87f10 code [0x0000019ad5c880a0, 0x0000019ad5c88178]
Event: 9.363 Thread 0x0000019ae02c7e90  535       3       java.util.concurrent.ConcurrentHashMap$EntryIterator::next (5 bytes)
Event: 9.363 Thread 0x0000019ae02c7e90 nmethod 535 0x0000019ace7e8210 code [0x0000019ace7e83a0, 0x0000019ace7e84e8]
Event: 9.364 Thread 0x0000019ae02c7e90  536       3       java.util.concurrent.ConcurrentHashMap$MapEntry::<init> (20 bytes)
Event: 9.364 Thread 0x0000019ae02c7e90 nmethod 536 0x0000019ace7e8590 code [0x0000019ace7e8740, 0x0000019ace7e89b8]
Event: 9.365 Thread 0x0000019ae02c7e90  537       3       java.util.concurrent.ConcurrentHashMap$EntryIterator::next (51 bytes)
Event: 9.365 Thread 0x0000019ae02c7e90 nmethod 537 0x0000019ace7e8a90 code [0x0000019ace7e8c60, 0x0000019ace7e9118]

GC Heap History (0 events):
No events

Deoptimization events (20 events):
Event: 7.333 Thread 0x0000019ac691b240 DEOPT PACKING pc=0x0000019ad5c6e5fc sp=0x0000001057cfec40
Event: 7.333 Thread 0x0000019ac691b240 DEOPT UNPACKING pc=0x0000019ace1f239d sp=0x0000001057cfebd8 mode 2
Event: 7.333 Thread 0x0000019ac691b240 Uncommon trap: trap_request=0xffffffde fr.pc=0x0000019ad5c6e5fc relative=0x000000000000005c
Event: 7.333 Thread 0x0000019ac691b240 Uncommon trap: reason=class_check action=maybe_recompile pc=0x0000019ad5c6e5fc method=java.lang.Character.codePointAt(Ljava/lang/CharSequence;I)I @ 2 c2
Event: 7.333 Thread 0x0000019ac691b240 DEOPT PACKING pc=0x0000019ad5c6e5fc sp=0x0000001057cfec40
Event: 7.333 Thread 0x0000019ac691b240 DEOPT UNPACKING pc=0x0000019ace1f239d sp=0x0000001057cfebd8 mode 2
Event: 7.333 Thread 0x0000019ac691b240 Uncommon trap: trap_request=0xffffffde fr.pc=0x0000019ad5c6e5fc relative=0x000000000000005c
Event: 7.333 Thread 0x0000019ac691b240 Uncommon trap: reason=class_check action=maybe_recompile pc=0x0000019ad5c6e5fc method=java.lang.Character.codePointAt(Ljava/lang/CharSequence;I)I @ 2 c2
Event: 7.333 Thread 0x0000019ac691b240 DEOPT PACKING pc=0x0000019ad5c6e5fc sp=0x0000001057cfec40
Event: 7.333 Thread 0x0000019ac691b240 DEOPT UNPACKING pc=0x0000019ace1f239d sp=0x0000001057cfebd8 mode 2
Event: 9.161 Thread 0x0000019ac691b240 Uncommon trap: trap_request=0xffffff45 fr.pc=0x0000019ad5c7a2f8 relative=0x00000000000000d8
Event: 9.161 Thread 0x0000019ac691b240 Uncommon trap: reason=unstable_if action=reinterpret pc=0x0000019ad5c7a2f8 method=java.util.HashMap.hash(Ljava/lang/Object;)I @ 1 c2
Event: 9.161 Thread 0x0000019ac691b240 DEOPT PACKING pc=0x0000019ad5c7a2f8 sp=0x0000001057cfe210
Event: 9.161 Thread 0x0000019ac691b240 DEOPT UNPACKING pc=0x0000019ace1f239d sp=0x0000001057cfe150 mode 2
Event: 9.255 Thread 0x0000019ac691b240 Uncommon trap: trap_request=0xffffff45 fr.pc=0x0000019ad5c6ea04 relative=0x0000000000000084
Event: 9.255 Thread 0x0000019ac691b240 Uncommon trap: reason=unstable_if action=reinterpret pc=0x0000019ad5c6ea04 method=java.lang.CharacterDataLatin1.isJavaIdentifierPart(I)Z @ 11 c2
Event: 9.255 Thread 0x0000019ac691b240 DEOPT PACKING pc=0x0000019ad5c6ea04 sp=0x0000001057cfe800
Event: 9.255 Thread 0x0000019ac691b240 DEOPT UNPACKING pc=0x0000019ace1f239d sp=0x0000001057cfe778 mode 2
Event: 9.323 Thread 0x0000019ac691b240 DEOPT PACKING pc=0x0000019ace762bd6 sp=0x0000001057cfba50
Event: 9.323 Thread 0x0000019ac691b240 DEOPT UNPACKING pc=0x0000019ace1f2b24 sp=0x0000001057cfaef0 mode 0

Classes unloaded (0 events):
No events

Classes redefined (0 events):
No events

Internal exceptions (6 events):
Event: 0.599 Thread 0x0000019ac691b240 Exception <a 'java/lang/NoSuchMethodError'{0x00000000e3d019b8}: 'void java.lang.invoke.DirectMethodHandle$Holder.invokeSpecial(java.lang.Object, java.lang.Object, java.lang.Object)'> (0x00000000e3d019b8) 
thrown [t:\workspace\open\src\hotspot\share\interpreter\linkResolver.cpp, line 766]
Event: 0.700 Thread 0x0000019ac691b240 Exception <a 'java/lang/NoSuchMethodError'{0x00000000e3d150b8}: 'void java.lang.invoke.DirectMethodHandle$Holder.invokeSpecial(java.lang.Object, java.lang.Object, java.lang.Object, java.lang.Object, java.lang.Object)'> (0x00000000e3d150b8) 
thrown [t:\workspace\open\src\hotspot\share\interpreter\linkResolver.cpp, line 766]
Event: 0.768 Thread 0x0000019ac691b240 Exception <a 'java/lang/NoSuchMethodError'{0x00000000e3d27ec0}: 'java.lang.Object java.lang.invoke.DirectMethodHandle$Holder.invokeInterface(java.lang.Object, java.lang.Object)'> (0x00000000e3d27ec0) 
thrown [t:\workspace\open\src\hotspot\share\interpreter\linkResolver.cpp, line 766]
Event: 0.769 Thread 0x0000019ac691b240 Exception <a 'java/lang/IncompatibleClassChangeError'{0x00000000e3d2b538}: Found class java.lang.Object, but interface was expected> (0x00000000e3d2b538) 
thrown [t:\workspace\open\src\hotspot\share\interpreter\linkResolver.cpp, line 833]
Event: 0.771 Thread 0x0000019ac691b240 Exception <a 'java/lang/NoSuchMethodError'{0x00000000e3d2e300}: 'void java.lang.invoke.DirectMethodHandle$Holder.invokeStatic(java.lang.Object, java.lang.Object, java.lang.Object, java.lang.Object)'> (0x00000000e3d2e300) 
thrown [t:\workspace\open\src\hotspot\share\interpreter\linkResolver.cpp, line 766]
Event: 9.161 Thread 0x0000019ac691b240 Implicit null exception at 0x0000019ad5c7a258 to 0x0000019ad5c7a2ee

VM Operations (14 events):
Event: 0.387 Executing VM operation: HandshakeAllThreads
Event: 0.387 Executing VM operation: HandshakeAllThreads done
Event: 0.762 Executing VM operation: HandshakeAllThreads
Event: 0.762 Executing VM operation: HandshakeAllThreads done
Event: 1.437 Executing VM operation: HandshakeAllThreads
Event: 1.437 Executing VM operation: HandshakeAllThreads done
Event: 1.437 Executing VM operation: Cleanup
Event: 1.437 Executing VM operation: Cleanup done
Event: 9.205 Executing VM operation: HandshakeAllThreads
Event: 9.205 Executing VM operation: HandshakeAllThreads done
Event: 9.205 Executing VM operation: Cleanup
Event: 9.205 Executing VM operation: Cleanup done
Event: 9.253 Executing VM operation: HandshakeAllThreads
Event: 9.253 Executing VM operation: HandshakeAllThreads done

Events (20 events):
Event: 9.307 loading class java/util/ResourceBundle$3
Event: 9.307 loading class java/util/ResourceBundle$3 done
Event: 9.310 loading class sun/security/util/SecurityConstants
Event: 9.310 loading class sun/security/util/SecurityConstants done
Event: 9.310 loading class java/net/NetPermission
Event: 9.311 loading class java/net/NetPermission done
Event: 9.311 loading class java/security/SecurityPermission
Event: 9.311 loading class java/security/SecurityPermission done
Event: 9.311 loading class java/net/SocketPermission
Event: 9.312 loading class java/net/SocketPermission done
Event: 9.320 loading class java/util/PropertyResourceBundle
Event: 9.321 loading class java/util/PropertyResourceBundle done
Event: 9.321 loading class sun/util/PropertyResourceBundleCharset
Event: 9.322 loading class sun/util/PropertyResourceBundleCharset done
Event: 9.322 loading class sun/util/PropertyResourceBundleCharset$PropertiesFileDecoder
Event: 9.322 loading class sun/util/PropertyResourceBundleCharset$PropertiesFileDecoder done
Event: 9.367 loading class java/util/ResourceBundle$BundleReference
Event: 9.367 loading class java/util/ResourceBundle$BundleReference done
Event: 9.369 loading class java/text/MessageFormat
Event: 9.371 loading class java/text/MessageFormat done


Dynamic libraries:
0x00007ff7e5600000 - 0x00007ff7e5610000 	C:\Program Files\Java\jdk-17.0.3.1\bin\javaw.exe
0x00007ffdb2610000 - 0x00007ffdb2808000 	C:\Windows\SYSTEM32\ntdll.dll
0x00007ffdb07b0000 - 0x00007ffdb086d000 	C:\Windows\System32\KERNEL32.DLL
0x00007ffdb0100000 - 0x00007ffdb03ce000 	C:\Windows\System32\KERNELBASE.dll
0x00007ffdafe70000 - 0x00007ffdaff70000 	C:\Windows\System32\ucrtbase.dll
0x00007ffd9ef30000 - 0x00007ffd9ef4a000 	C:\Program Files\Java\jdk-17.0.3.1\bin\VCRUNTIME140.dll
0x00007ffd9efd0000 - 0x00007ffd9efe8000 	C:\Program Files\Java\jdk-17.0.3.1\bin\jli.dll
0x00007ffdb17f0000 - 0x00007ffdb189e000 	C:\Windows\System32\ADVAPI32.dll
0x00007ffdb08a0000 - 0x00007ffdb093e000 	C:\Windows\System32\msvcrt.dll
0x00007ffdb1990000 - 0x00007ffdb1a2c000 	C:\Windows\System32\sechost.dll
0x00007ffdb1a60000 - 0x00007ffdb1b85000 	C:\Windows\System32\RPCRT4.dll
0x00007ffdb1290000 - 0x00007ffdb1430000 	C:\Windows\System32\USER32.dll
0x00007ffdb03d0000 - 0x00007ffdb03f2000 	C:\Windows\System32\win32u.dll
0x00007ffdb1a30000 - 0x00007ffdb1a5a000 	C:\Windows\System32\GDI32.dll
0x00007ffdb0560000 - 0x00007ffdb066b000 	C:\Windows\System32\gdi32full.dll
0x00007ffda1560000 - 0x00007ffda17fa000 	C:\Windows\WinSxS\amd64_microsoft.windows.common-controls_6595b64144ccf1df_6.0.19041.1110_none_60b5254171f9507e\COMCTL32.dll
0x00007ffdaff70000 - 0x00007ffdb000d000 	C:\Windows\System32\msvcp_win.dll
0x00007ffd9ff00000 - 0x00007ffd9ff0a000 	C:\Windows\SYSTEM32\VERSION.dll
0x00007ffdb0870000 - 0x00007ffdb08a0000 	C:\Windows\System32\IMM32.DLL
0x00007ffda8980000 - 0x00007ffda898c000 	C:\Program Files\Java\jdk-17.0.3.1\bin\vcruntime140_1.dll
0x00007ffd6c370000 - 0x00007ffd6c3fd000 	C:\Program Files\Java\jdk-17.0.3.1\bin\msvcp140.dll
0x00007ffd57960000 - 0x00007ffd58520000 	C:\Program Files\Java\jdk-17.0.3.1\bin\server\jvm.dll
0x00007ffdb18a0000 - 0x00007ffdb18a8000 	C:\Windows\System32\PSAPI.DLL
0x00007ffdaa900000 - 0x00007ffdaa909000 	C:\Windows\SYSTEM32\WSOCK32.dll
0x00007ffdb0940000 - 0x00007ffdb09ab000 	C:\Windows\System32\WS2_32.dll
0x00007ffd9b190000 - 0x00007ffd9b1b7000 	C:\Windows\SYSTEM32\WINMM.dll
0x00007ffdadc30000 - 0x00007ffdadc42000 	C:\Windows\SYSTEM32\kernel.appcore.dll
0x00007ffdaa6a0000 - 0x00007ffdaa6aa000 	C:\Program Files\Java\jdk-17.0.3.1\bin\jimage.dll
0x00007ffd9e5b0000 - 0x00007ffd9e794000 	C:\Windows\SYSTEM32\DBGHELP.DLL
0x00007ffd9e2e0000 - 0x00007ffd9e30c000 	C:\Windows\SYSTEM32\dbgcore.DLL
0x00007ffdafd30000 - 0x00007ffdafdb2000 	C:\Windows\System32\bcryptPrimitives.dll
0x00007ffdaa670000 - 0x00007ffdaa695000 	C:\Program Files\Java\jdk-17.0.3.1\bin\java.dll
0x00007ffd58890000 - 0x00007ffd58966000 	C:\Program Files\Java\jdk-17.0.3.1\bin\jsvml.dll
0x00007ffdb0b40000 - 0x00007ffdb1284000 	C:\Windows\System32\SHELL32.dll
0x00007ffdade30000 - 0x00007ffdae5c4000 	C:\Windows\SYSTEM32\windows.storage.dll
0x00007ffdb1b90000 - 0x00007ffdb1ee4000 	C:\Windows\System32\combase.dll
0x00007ffdaf790000 - 0x00007ffdaf7c0000 	C:\Windows\SYSTEM32\Wldp.dll
0x00007ffdb1ef0000 - 0x00007ffdb1f9d000 	C:\Windows\System32\SHCORE.dll
0x00007ffdb0ae0000 - 0x00007ffdb0b35000 	C:\Windows\System32\shlwapi.dll
0x00007ffdafc70000 - 0x00007ffdafc8f000 	C:\Windows\SYSTEM32\profapi.dll
0x00007ffdaa450000 - 0x00007ffdaa469000 	C:\Program Files\Java\jdk-17.0.3.1\bin\net.dll
0x00007ffda24f0000 - 0x00007ffda25fa000 	C:\Windows\SYSTEM32\WINHTTP.dll
0x00007ffdaf4f0000 - 0x00007ffdaf55a000 	C:\Windows\system32\mswsock.dll
0x00007ffdaa430000 - 0x00007ffdaa446000 	C:\Program Files\Java\jdk-17.0.3.1\bin\nio.dll
0x00007ffdaa410000 - 0x00007ffdaa428000 	C:\Program Files\Java\jdk-17.0.3.1\bin\zip.dll

dbghelp: loaded successfully - version: 4.0.5 - missing functions: none
symbol engine: initialized successfully - sym options: 0x614 - pdb path: .;C:\Program Files\Java\jdk-17.0.3.1\bin;C:\Windows\SYSTEM32;C:\Windows\WinSxS\amd64_microsoft.windows.common-controls_6595b64144ccf1df_6.0.19041.1110_none_60b5254171f9507e;C:\Program Files\Java\jdk-17.0.3.1\bin\server

VM Arguments:
jvm_args: -Dfile.encoding=UTF-8 --module-path=C:\Users\ricar\OneDrive\Área de Trabalho\CURSO PROGRAMAÇÃO RECODE PRO\PROGRAMAS\mysql-connector-java-8.0.30.jar -XX:+ShowCodeDetailsInExceptionMessages 
java_command: crud.CrudCompra
java_class_path (initial): C:\Users\ricar\eclipse-workspace\AGENCIA ALTO PADRÃO TURISMO\bin
Launcher Type: SUN_STANDARD

[Global flags]
     intx CICompilerCount                          = 2                                         {product} {ergonomic}
     uint ConcGCThreads                            = 1                                         {product} {ergonomic}
     uint G1ConcRefinementThreads                  = 2                                         {product} {ergonomic}
   size_t G1HeapRegionSize                         = 1048576                                   {product} {ergonomic}
    uintx GCDrainStackTargetSize                   = 64                                        {product} {ergonomic}
   size_t InitialHeapSize                          = 31457280                                  {product} {ergonomic}
   size_t MarkStackSize                            = 4194304                                   {product} {ergonomic}
   size_t MaxHeapSize                              = 501219328                                 {product} {ergonomic}
   size_t MaxNewSize                               = 299892736                                 {product} {ergonomic}
   size_t MinHeapDeltaBytes                        = 1048576                                   {product} {ergonomic}
   size_t MinHeapSize                              = 8388608                                   {product} {ergonomic}
    uintx NonNMethodCodeHeapSize                   = 5826188                                {pd product} {ergonomic}
    uintx NonProfiledCodeHeapSize                  = 122916026                              {pd product} {ergonomic}
    uintx ProfiledCodeHeapSize                     = 122916026                              {pd product} {ergonomic}
    uintx ReservedCodeCacheSize                    = 251658240                              {pd product} {ergonomic}
     bool SegmentedCodeCache                       = true                                      {product} {ergonomic}
     bool ShowCodeDetailsInExceptionMessages       = true                                   {manageable} {command line}
   size_t SoftMaxHeapSize                          = 501219328                              {manageable} {ergonomic}
     bool UseCompressedClassPointers               = true                           {product lp64_product} {ergonomic}
     bool UseCompressedOops                        = true                           {product lp64_product} {ergonomic}
     bool UseG1GC                                  = true                                      {product} {ergonomic}
     bool UseLargePagesIndividualAllocation        = false                                  {pd product} {ergonomic}

Logging:
Log output configuration:
 #0: stdout all=warning uptime,level,tags
 #1: stderr all=off uptime,level,tags

Environment Variables:
PATH=C:/Program Files/Java/jdk-17.0.3.1/bin/server;C:/Program Files/Java/jdk-17.0.3.1/bin;C:\Program Files\Common Files\Oracle\Java\javapath;C:\Program Files (x86)\Common Files\Oracle\Java\javapath;C:\Windows\system32;C:\Windows;C:\Windows\System32\Wbem;C:\Windows\System32\WindowsPowerShell\v1.0\;C:\Windows\System32\OpenSSH\;C:\Program Files\Git\cmd;C:\Program Files\MySQL\MySQL Shell 8.0\bin\;C:\Users\ricar\AppData\Local\Microsoft\WindowsApps;C:\Users\ricar\AppData\Local\Programs\Microsoft VS Code\bin;C:\Windows\system32;
USERNAME=ricar
OS=Windows_NT
PROCESSOR_IDENTIFIER=Intel64 Family 6 Model 37 Stepping 5, GenuineIntel



---------------  S Y S T E M  ---------------

OS:
 Windows 10 , 64 bit Build 19041 (10.0.19041.1889)
OS uptime: 0 days 12:12 hours

CPU: total 2 (initial active 2) (2 cores per cpu, 1 threads per core) family 6 model 37 stepping 5 microcode 0x7, cx8, cmov, fxsr, mmx, sse, sse2, sse3, ssse3, popcnt, tsc, tscinvbit, clflush

Memory: 4k page, system-wide physical 1908M (294M free)
TotalPageFile size 7796M (AvailPageFile size 0M)
current process WorkingSet (physical memory assigned to process): 38M, peak: 38M
current process commit charge ("private bytes"): 99M, peak: 99M

vm_info: Java HotSpot(TM) 64-Bit Server VM (17.0.3.1+2-LTS-6) for windows-amd64 JRE (17.0.3.1+2-LTS-6), built on Apr 25 2022 22:04:21 by "mach5one" with MS VC++ 16.8 / 16.9 (VS2019)

END.
