#
# There is insufficient memory for the Java Runtime Environment to continue.
# Native memory allocation (mmap) failed to map 31457280 bytes for G1 virtual space
# Possible reasons:
#   The system is out of physical RAM or swap space
#   The process is running with CompressedOops enabled, and the Java Heap may be blocking the growth of the native heap
# Possible solutions:
#   Reduce memory load on the system
#   Increase physical memory or swap space
#   Check if swap backing store is full
#   Decrease Java heap size (-Xmx/-Xms)
#   Decrease number of Java threads
#   Decrease Java thread stack sizes (-Xss)
#   Set larger code cache with -XX:ReservedCodeCacheSize=
#   JVM is running with Unscaled Compressed Oops mode in which the Java heap is
#     placed in the first 4GB address space. The Java Heap base address is the
#     maximum limit for the native heap growth. Please use -XX:HeapBaseMinAddress
#     to set the Java Heap base and to place the Java Heap above 4GB virtual address.
# This output file may be truncated or incomplete.
#
#  Out of Memory Error (os_windows.cpp:3535), pid=8368, tid=720
#
# JRE version:  (17.0.3.1+2) (build )
# Java VM: Java HotSpot(TM) 64-Bit Server VM (17.0.3.1+2-LTS-6, mixed mode, sharing, tiered, compressed oops, compressed class ptrs, g1 gc, windows-amd64)
# No core dump will be written. Minidumps are not enabled by default on client versions of Windows
#

---------------  S U M M A R Y ------------

Command Line: -Dfile.encoding=UTF-8 --module-path=C:\Users\ricar\OneDrive\Área de Trabalho\CURSO PROGRAMAÇÃO RECODE PRO\PROGRAMAS\mysql-connector-java-8.0.30.jar -XX:+ShowCodeDetailsInExceptionMessages crud.CrudCliente_contato

Host: Intel(R) Pentium(R) CPU        P6200  @ 2.13GHz, 2 cores, 1G,  Windows 10 , 64 bit Build 19041 (10.0.19041.1889)
Time: Thu Sep  1 01:59:52 2022 Hora oficial do Brasil elapsed time: 0.857904 seconds (0d 0h 0m 0s)

---------------  T H R E A D  ---------------

Current thread (0x000001b8a242c190):  JavaThread "Unknown thread" [_thread_in_vm, id=720, stack(0x00000020fde00000,0x00000020fdf00000)]

Stack: [0x00000020fde00000,0x00000020fdf00000]
Native frames: (J=compiled Java code, j=interpreted, Vv=VM code, C=native code)
V  [jvm.dll+0x6711ba]
V  [jvm.dll+0x7d0834]
V  [jvm.dll+0x7d1fde]
V  [jvm.dll+0x7d2643]
V  [jvm.dll+0x242c85]
V  [jvm.dll+0x66e0d9]
V  [jvm.dll+0x662a22]
V  [jvm.dll+0x300ddb]
V  [jvm.dll+0x308376]
V  [jvm.dll+0x357f7e]
V  [jvm.dll+0x3581af]
V  [jvm.dll+0x2d7ff8]
V  [jvm.dll+0x2d8f64]
V  [jvm.dll+0x7a2411]
V  [jvm.dll+0x365d01]
V  [jvm.dll+0x78187c]
V  [jvm.dll+0x3e873f]
V  [jvm.dll+0x3ea1e1]
C  [jli.dll+0x527b]
C  [ucrtbase.dll+0x21bb2]
C  [KERNEL32.DLL+0x17034]
C  [ntdll.dll+0x52651]


---------------  P R O C E S S  ---------------

Threads class SMR info:
_java_thread_list=0x00007ffdc86b9858, length=0, elements={
}

Java Threads: ( => current thread )

Other Threads:
  0x000001b8a2457c20 GCTaskThread "GC Thread#0" [stack: 0x00000020fdf00000,0x00000020fe000000] [id=3132]
  0x000001b8a245dde0 ConcurrentGCThread "G1 Main Marker" [stack: 0x00000020fe000000,0x00000020fe100000] [id=1792]
  0x000001b8a245e700 ConcurrentGCThread "G1 Conc#0" [stack: 0x00000020fe100000,0x00000020fe200000] [id=8272]

[error occurred during error reporting (printing all threads), id 0xc0000005, EXCEPTION_ACCESS_VIOLATION (0xc0000005) at pc=0x00007ffdc7f089e7]

VM state: not at safepoint (not fully initialized)

VM Mutex/Monitor currently owned by a thread:  ([mutex/lock_event])
[0x000001b8a24262b0] Heap_lock - owner thread: 0x000001b8a242c190

Heap address: 0x00000000e2200000, size: 478 MB, Compressed Oops mode: 32-bit

CDS archive(s) mapped at: [0x0000000000000000-0x0000000000000000-0x0000000000000000), size 0, SharedBaseAddress: 0x0000000800000000, ArchiveRelocationMode: 0.
Narrow klass base: 0x0000000000000000, Narrow klass shift: 0, Narrow klass range: 0x0

GC Precious Log:
<Empty>

Heap:
 garbage-first heap   total 0K, used 0K [0x00000000e2200000, 0x0000000100000000)
  region size 1024K, 0 young (0K), 0 survivors (0K)

[error occurred during error reporting (printing heap information), id 0xc0000005, EXCEPTION_ACCESS_VIOLATION (0xc0000005) at pc=0x00007ffdc82ea629]

GC Heap History (0 events):
No events

Deoptimization events (0 events):
No events

Classes unloaded (0 events):
No events

Classes redefined (0 events):
No events

Internal exceptions (0 events):
No events

VM Operations (0 events):
No events

Events (1 events):
Event: 0.306 Loaded shared library C:\Program Files\Java\jdk-17.0.3.1\bin\java.dll


Dynamic libraries:
0x00007ff65ace0000 - 0x00007ff65acf0000 	C:\Program Files\Java\jdk-17.0.3.1\bin\javaw.exe
0x00007ffe22fd0000 - 0x00007ffe231c8000 	C:\Windows\SYSTEM32\ntdll.dll
0x00007ffe21ca0000 - 0x00007ffe21d5d000 	C:\Windows\System32\KERNEL32.DLL
0x00007ffe20b10000 - 0x00007ffe20dde000 	C:\Windows\System32\KERNELBASE.dll
0x00007ffe20f30000 - 0x00007ffe21030000 	C:\Windows\System32\ucrtbase.dll
0x00007ffe1aa00000 - 0x00007ffe1aa18000 	C:\Program Files\Java\jdk-17.0.3.1\bin\jli.dll
0x00007ffe21290000 - 0x00007ffe2133e000 	C:\Windows\System32\ADVAPI32.dll
0x00007ffe22a30000 - 0x00007ffe22ace000 	C:\Windows\System32\msvcrt.dll
0x00007ffe22270000 - 0x00007ffe2230c000 	C:\Windows\System32\sechost.dll
0x00007ffe21dd0000 - 0x00007ffe21ef5000 	C:\Windows\System32\RPCRT4.dll
0x00007ffe1a9e0000 - 0x00007ffe1a9fa000 	C:\Program Files\Java\jdk-17.0.3.1\bin\VCRUNTIME140.dll
0x00007ffe22310000 - 0x00007ffe224b0000 	C:\Windows\System32\USER32.dll
0x00007ffe206f0000 - 0x00007ffe20712000 	C:\Windows\System32\win32u.dll
0x00007ffe22f60000 - 0x00007ffe22f8a000 	C:\Windows\System32\GDI32.dll
0x00007ffe20a00000 - 0x00007ffe20b0b000 	C:\Windows\System32\gdi32full.dll
0x00007ffe20e90000 - 0x00007ffe20f2d000 	C:\Windows\System32\msvcp_win.dll
0x00007ffe11f20000 - 0x00007ffe121ba000 	C:\Windows\WinSxS\amd64_microsoft.windows.common-controls_6595b64144ccf1df_6.0.19041.1110_none_60b5254171f9507e\COMCTL32.dll
0x00007ffe10690000 - 0x00007ffe1069a000 	C:\Windows\SYSTEM32\VERSION.dll
0x00007ffe22d80000 - 0x00007ffe22db0000 	C:\Windows\System32\IMM32.DLL
0x00007ffe1b1d0000 - 0x00007ffe1b1dc000 	C:\Program Files\Java\jdk-17.0.3.1\bin\vcruntime140_1.dll
0x00007ffe18fe0000 - 0x00007ffe1906d000 	C:\Program Files\Java\jdk-17.0.3.1\bin\msvcp140.dll
0x00007ffdc7c20000 - 0x00007ffdc87e0000 	C:\Program Files\Java\jdk-17.0.3.1\bin\server\jvm.dll
0x00007ffe210e0000 - 0x00007ffe210e8000 	C:\Windows\System32\PSAPI.DLL
0x00007ffe192e0000 - 0x00007ffe192e9000 	C:\Windows\SYSTEM32\WSOCK32.dll
0x00007ffe21d60000 - 0x00007ffe21dcb000 	C:\Windows\System32\WS2_32.dll
0x00007ffe0b220000 - 0x00007ffe0b247000 	C:\Windows\SYSTEM32\WINMM.dll
0x00007ffe1e5f0000 - 0x00007ffe1e602000 	C:\Windows\SYSTEM32\kernel.appcore.dll
0x00007ffe17f80000 - 0x00007ffe17f8a000 	C:\Program Files\Java\jdk-17.0.3.1\bin\jimage.dll
0x00007ffe0ebd0000 - 0x00007ffe0edb4000 	C:\Windows\SYSTEM32\DBGHELP.DLL
0x00007ffe0e940000 - 0x00007ffe0e96c000 	C:\Windows\SYSTEM32\dbgcore.DLL
0x00007ffe20750000 - 0x00007ffe207d2000 	C:\Windows\System32\bcryptPrimitives.dll
0x00007ffe05640000 - 0x00007ffe05665000 	C:\Program Files\Java\jdk-17.0.3.1\bin\java.dll

dbghelp: loaded successfully - version: 4.0.5 - missing functions: none
symbol engine: initialized successfully - sym options: 0x614 - pdb path: .;C:\Program Files\Java\jdk-17.0.3.1\bin;C:\Windows\SYSTEM32;C:\Windows\WinSxS\amd64_microsoft.windows.common-controls_6595b64144ccf1df_6.0.19041.1110_none_60b5254171f9507e;C:\Program Files\Java\jdk-17.0.3.1\bin\server

VM Arguments:
jvm_args: -Dfile.encoding=UTF-8 --module-path=C:\Users\ricar\OneDrive\Área de Trabalho\CURSO PROGRAMAÇÃO RECODE PRO\PROGRAMAS\mysql-connector-java-8.0.30.jar -XX:+ShowCodeDetailsInExceptionMessages 
java_command: crud.CrudCliente_contato
java_class_path (initial): C:\Users\ricar\eclipse-workspace\AGENCIA ALTO PADRÃO TURISMO\bin
Launcher Type: SUN_STANDARD

[Global flags]
     intx CICompilerCount                          = 2                                         {product} {ergonomic}
     uint ConcGCThreads                            = 1                                         {product} {ergonomic}
     uint G1ConcRefinementThreads                  = 2                                         {product} {ergonomic}
   size_t G1HeapRegionSize                         = 1048576                                   {product} {ergonomic}
    uintx GCDrainStackTargetSize                   = 64                                        {product} {ergonomic}
   size_t InitialHeapSize                          = 31457280                                  {product} {ergonomic}
   size_t MarkStackSize                            = 4194304                                   {product} {ergonomic}
   size_t MaxHeapSize                              = 501219328                                 {product} {ergonomic}
   size_t MinHeapDeltaBytes                        = 1048576                                   {product} {ergonomic}
   size_t MinHeapSize                              = 8388608                                   {product} {ergonomic}
    uintx NonNMethodCodeHeapSize                   = 5826188                                {pd product} {ergonomic}
    uintx NonProfiledCodeHeapSize                  = 122916026                              {pd product} {ergonomic}
    uintx ProfiledCodeHeapSize                     = 122916026                              {pd product} {ergonomic}
    uintx ReservedCodeCacheSize                    = 251658240                              {pd product} {ergonomic}
     bool SegmentedCodeCache                       = true                                      {product} {ergonomic}
     bool ShowCodeDetailsInExceptionMessages       = true                                   {manageable} {command line}
   size_t SoftMaxHeapSize                          = 501219328                              {manageable} {ergonomic}
     bool UseCompressedClassPointers               = true                           {product lp64_product} {ergonomic}
     bool UseCompressedOops                        = true                           {product lp64_product} {ergonomic}
     bool UseG1GC                                  = true                                      {product} {ergonomic}
     bool UseLargePagesIndividualAllocation        = false                                  {pd product} {ergonomic}

Logging:
Log output configuration:
 #0: stdout all=warning uptime,level,tags
 #1: stderr all=off uptime,level,tags

Environment Variables:
PATH=C:/Program Files/Java/jdk-17.0.3.1/bin/server;C:/Program Files/Java/jdk-17.0.3.1/bin;C:\Program Files\Common Files\Oracle\Java\javapath;C:\Program Files (x86)\Common Files\Oracle\Java\javapath;C:\Windows\system32;C:\Windows;C:\Windows\System32\Wbem;C:\Windows\System32\WindowsPowerShell\v1.0\;C:\Windows\System32\OpenSSH\;C:\Program Files\Git\cmd;C:\Program Files\MySQL\MySQL Shell 8.0\bin\;C:\Users\ricar\AppData\Local\Microsoft\WindowsApps;C:\Users\ricar\AppData\Local\Programs\Microsoft VS Code\bin;C:\Windows\system32;
USERNAME=ricar
OS=Windows_NT
PROCESSOR_IDENTIFIER=Intel64 Family 6 Model 37 Stepping 5, GenuineIntel



---------------  S Y S T E M  ---------------

OS:
 Windows 10 , 64 bit Build 19041 (10.0.19041.1889)
OS uptime: 0 days 11:17 hours

CPU: total 2 (initial active 2) (2 cores per cpu, 1 threads per core) family 6 model 37 stepping 5 microcode 0x7, cx8, cmov, fxsr, mmx, sse, sse2, sse3, ssse3, popcnt, tsc, tscinvbit, clflush

Memory: 4k page, system-wide physical 1908M (285M free)
TotalPageFile size 7796M (AvailPageFile size 25M)
current process WorkingSet (physical memory assigned to process): 9M, peak: 9M
current process commit charge ("private bytes"): 47M, peak: 77M

vm_info: Java HotSpot(TM) 64-Bit Server VM (17.0.3.1+2-LTS-6) for windows-amd64 JRE (17.0.3.1+2-LTS-6), built on Apr 25 2022 22:04:21 by "mach5one" with MS VC++ 16.8 / 16.9 (VS2019)

END.
